INFO - 2024-09-28 03:18:38 --> Session: Class initialized using 'CodeIgniter\Session\Handlers\FileHandler' driver.
INFO - 2024-09-28 03:18:45 --> Session: Class initialized using 'CodeIgniter\Session\Handlers\FileHandler' driver.
INFO - 2024-09-28 03:30:46 --> Session: Class initialized using 'CodeIgniter\Session\Handlers\FileHandler' driver.
INFO - 2024-09-28 03:30:51 --> Session: Class initialized using 'CodeIgniter\Session\Handlers\FileHandler' driver.
INFO - 2024-09-28 03:30:55 --> Session: Class initialized using 'CodeIgniter\Session\Handlers\FileHandler' driver.
INFO - 2024-09-28 03:30:55 --> Session: Class initialized using 'CodeIgniter\Session\Handlers\FileHandler' driver.
INFO - 2024-09-28 03:31:02 --> CSRF token verified.
INFO - 2024-09-28 03:31:02 --> Session: Class initialized using 'CodeIgniter\Session\Handlers\FileHandler' driver.
INFO - 2024-09-28 03:31:02 --> Session: Class initialized using 'CodeIgniter\Session\Handlers\FileHandler' driver.
INFO - 2024-09-28 03:31:04 --> Session: Class initialized using 'CodeIgniter\Session\Handlers\FileHandler' driver.
INFO - 2024-09-28 03:34:05 --> Session: Class initialized using 'CodeIgniter\Session\Handlers\FileHandler' driver.
INFO - 2024-09-28 03:34:17 --> Session: Class initialized using 'CodeIgniter\Session\Handlers\FileHandler' driver.
INFO - 2024-09-28 03:34:22 --> Session: Class initialized using 'CodeIgniter\Session\Handlers\FileHandler' driver.
CRITICAL - 2024-09-28 03:34:22 --> Attempt to read property "id_artikel" on null
in APPPATH\Views\admin\artikel\edit.php on line 17.
 1 APPPATH\Views\admin\artikel\edit.php(17): CodeIgniter\Debug\Exceptions->errorHandler(2, 'Attempt to read property "id_artikel" on null', 'D:\\ANIK SAHILAH\\Semester 7\\Magang\\Coding\\Tugas SEO\\adscandy.kadinkotamalang.com\\16.1\\app\\Views\\admin\\artikel\\edit.php', 17)
 2 SYSTEMPATH\View\View.php(224): include('D:\\ANIK SAHILAH\\Semester 7\\Magang\\Coding\\Tugas SEO\\adscandy.kadinkotamalang.com\\16.1\\app\\Views\\admin\\artikel\\edit.php')
 3 SYSTEMPATH\View\View.php(227): CodeIgniter\View\View->CodeIgniter\View\{closure}()
 4 SYSTEMPATH\Common.php(1180): CodeIgniter\View\View->render('admin/artikel/edit', [], true)
 5 APPPATH\Controllers\admin\Artikel.php(104): view('admin/artikel/edit', [...])
 6 SYSTEMPATH\CodeIgniter.php(932): App\Controllers\admin\Artikel->edit('favicon.ico')
 7 SYSTEMPATH\CodeIgniter.php(497): CodeIgniter\CodeIgniter->runController(Object(App\Controllers\admin\Artikel))
 8 SYSTEMPATH\CodeIgniter.php(366): CodeIgniter\CodeIgniter->handleRequest(null, Object(Config\Cache), false)
 9 FCPATH\index.php(67): CodeIgniter\CodeIgniter->run()
10 SYSTEMPATH\Commands\Server\rewrite.php(47): require_once('D:\\ANIK SAHILAH\\Semester 7\\Magang\\Coding\\Tugas SEO\\adscandy.kadinkotamalang.com\\16.1\\public\\index.php')
INFO - 2024-09-28 03:34:23 --> Session: Class initialized using 'CodeIgniter\Session\Handlers\FileHandler' driver.
INFO - 2024-09-28 03:34:25 --> Session: Class initialized using 'CodeIgniter\Session\Handlers\FileHandler' driver.
INFO - 2024-09-28 03:34:29 --> Session: Class initialized using 'CodeIgniter\Session\Handlers\FileHandler' driver.
CRITICAL - 2024-09-28 03:34:29 --> Attempt to read property "id_artikel" on null
in APPPATH\Views\admin\artikel\edit.php on line 17.
 1 APPPATH\Views\admin\artikel\edit.php(17): CodeIgniter\Debug\Exceptions->errorHandler(2, 'Attempt to read property "id_artikel" on null', 'D:\\ANIK SAHILAH\\Semester 7\\Magang\\Coding\\Tugas SEO\\adscandy.kadinkotamalang.com\\16.1\\app\\Views\\admin\\artikel\\edit.php', 17)
 2 SYSTEMPATH\View\View.php(224): include('D:\\ANIK SAHILAH\\Semester 7\\Magang\\Coding\\Tugas SEO\\adscandy.kadinkotamalang.com\\16.1\\app\\Views\\admin\\artikel\\edit.php')
 3 SYSTEMPATH\View\View.php(227): CodeIgniter\View\View->CodeIgniter\View\{closure}()
 4 SYSTEMPATH\Common.php(1180): CodeIgniter\View\View->render('admin/artikel/edit', [], true)
 5 APPPATH\Controllers\admin\Artikel.php(104): view('admin/artikel/edit', [...])
 6 SYSTEMPATH\CodeIgniter.php(932): App\Controllers\admin\Artikel->edit('favicon.ico')
 7 SYSTEMPATH\CodeIgniter.php(497): CodeIgniter\CodeIgniter->runController(Object(App\Controllers\admin\Artikel))
 8 SYSTEMPATH\CodeIgniter.php(366): CodeIgniter\CodeIgniter->handleRequest(null, Object(Config\Cache), false)
 9 FCPATH\index.php(67): CodeIgniter\CodeIgniter->run()
10 SYSTEMPATH\Commands\Server\rewrite.php(47): require_once('D:\\ANIK SAHILAH\\Semester 7\\Magang\\Coding\\Tugas SEO\\adscandy.kadinkotamalang.com\\16.1\\public\\index.php')
INFO - 2024-09-28 03:34:33 --> Session: Class initialized using 'CodeIgniter\Session\Handlers\FileHandler' driver.
INFO - 2024-09-28 03:35:26 --> Session: Class initialized using 'CodeIgniter\Session\Handlers\FileHandler' driver.
INFO - 2024-09-28 03:35:28 --> Session: Class initialized using 'CodeIgniter\Session\Handlers\FileHandler' driver.
INFO - 2024-09-28 03:35:32 --> Session: Class initialized using 'CodeIgniter\Session\Handlers\FileHandler' driver.
CRITICAL - 2024-09-28 03:35:32 --> Attempt to read property "id_artikel" on null
in APPPATH\Views\admin\artikel\edit.php on line 17.
 1 APPPATH\Views\admin\artikel\edit.php(17): CodeIgniter\Debug\Exceptions->errorHandler(2, 'Attempt to read property "id_artikel" on null', 'D:\\ANIK SAHILAH\\Semester 7\\Magang\\Coding\\Tugas SEO\\adscandy.kadinkotamalang.com\\16.1\\app\\Views\\admin\\artikel\\edit.php', 17)
 2 SYSTEMPATH\View\View.php(224): include('D:\\ANIK SAHILAH\\Semester 7\\Magang\\Coding\\Tugas SEO\\adscandy.kadinkotamalang.com\\16.1\\app\\Views\\admin\\artikel\\edit.php')
 3 SYSTEMPATH\View\View.php(227): CodeIgniter\View\View->CodeIgniter\View\{closure}()
 4 SYSTEMPATH\Common.php(1180): CodeIgniter\View\View->render('admin/artikel/edit', [], true)
 5 APPPATH\Controllers\admin\Artikel.php(104): view('admin/artikel/edit', [...])
 6 SYSTEMPATH\CodeIgniter.php(932): App\Controllers\admin\Artikel->edit('favicon.ico')
 7 SYSTEMPATH\CodeIgniter.php(497): CodeIgniter\CodeIgniter->runController(Object(App\Controllers\admin\Artikel))
 8 SYSTEMPATH\CodeIgniter.php(366): CodeIgniter\CodeIgniter->handleRequest(null, Object(Config\Cache), false)
 9 FCPATH\index.php(67): CodeIgniter\CodeIgniter->run()
10 SYSTEMPATH\Commands\Server\rewrite.php(47): require_once('D:\\ANIK SAHILAH\\Semester 7\\Magang\\Coding\\Tugas SEO\\adscandy.kadinkotamalang.com\\16.1\\public\\index.php')
INFO - 2024-09-28 03:40:08 --> Session: Class initialized using 'CodeIgniter\Session\Handlers\FileHandler' driver.
INFO - 2024-09-28 03:40:13 --> Session: Class initialized using 'CodeIgniter\Session\Handlers\FileHandler' driver.
CRITICAL - 2024-09-28 03:40:13 --> Attempt to read property "id_artikel" on null
in APPPATH\Views\admin\artikel\edit.php on line 17.
 1 APPPATH\Views\admin\artikel\edit.php(17): CodeIgniter\Debug\Exceptions->errorHandler(2, 'Attempt to read property "id_artikel" on null', 'D:\\ANIK SAHILAH\\Semester 7\\Magang\\Coding\\Tugas SEO\\adscandy.kadinkotamalang.com\\16.1\\app\\Views\\admin\\artikel\\edit.php', 17)
 2 SYSTEMPATH\View\View.php(224): include('D:\\ANIK SAHILAH\\Semester 7\\Magang\\Coding\\Tugas SEO\\adscandy.kadinkotamalang.com\\16.1\\app\\Views\\admin\\artikel\\edit.php')
 3 SYSTEMPATH\View\View.php(227): CodeIgniter\View\View->CodeIgniter\View\{closure}()
 4 SYSTEMPATH\Common.php(1180): CodeIgniter\View\View->render('admin/artikel/edit', [], true)
 5 APPPATH\Controllers\admin\Artikel.php(104): view('admin/artikel/edit', [...])
 6 SYSTEMPATH\CodeIgniter.php(932): App\Controllers\admin\Artikel->edit('favicon.ico')
 7 SYSTEMPATH\CodeIgniter.php(497): CodeIgniter\CodeIgniter->runController(Object(App\Controllers\admin\Artikel))
 8 SYSTEMPATH\CodeIgniter.php(366): CodeIgniter\CodeIgniter->handleRequest(null, Object(Config\Cache), false)
 9 FCPATH\index.php(67): CodeIgniter\CodeIgniter->run()
10 SYSTEMPATH\Commands\Server\rewrite.php(47): require_once('D:\\ANIK SAHILAH\\Semester 7\\Magang\\Coding\\Tugas SEO\\adscandy.kadinkotamalang.com\\16.1\\public\\index.php')
INFO - 2024-09-28 03:40:16 --> Session: Class initialized using 'CodeIgniter\Session\Handlers\FileHandler' driver.
INFO - 2024-09-28 03:40:20 --> Session: Class initialized using 'CodeIgniter\Session\Handlers\FileHandler' driver.
INFO - 2024-09-28 03:40:24 --> Session: Class initialized using 'CodeIgniter\Session\Handlers\FileHandler' driver.
INFO - 2024-09-28 03:40:27 --> Session: Class initialized using 'CodeIgniter\Session\Handlers\FileHandler' driver.
INFO - 2024-09-28 03:40:31 --> Session: Class initialized using 'CodeIgniter\Session\Handlers\FileHandler' driver.
CRITICAL - 2024-09-28 03:40:31 --> Attempt to read property "id_artikel" on null
in APPPATH\Views\admin\artikel\edit.php on line 17.
 1 APPPATH\Views\admin\artikel\edit.php(17): CodeIgniter\Debug\Exceptions->errorHandler(2, 'Attempt to read property "id_artikel" on null', 'D:\\ANIK SAHILAH\\Semester 7\\Magang\\Coding\\Tugas SEO\\adscandy.kadinkotamalang.com\\16.1\\app\\Views\\admin\\artikel\\edit.php', 17)
 2 SYSTEMPATH\View\View.php(224): include('D:\\ANIK SAHILAH\\Semester 7\\Magang\\Coding\\Tugas SEO\\adscandy.kadinkotamalang.com\\16.1\\app\\Views\\admin\\artikel\\edit.php')
 3 SYSTEMPATH\View\View.php(227): CodeIgniter\View\View->CodeIgniter\View\{closure}()
 4 SYSTEMPATH\Common.php(1180): CodeIgniter\View\View->render('admin/artikel/edit', [], true)
 5 APPPATH\Controllers\admin\Artikel.php(104): view('admin/artikel/edit', [...])
 6 SYSTEMPATH\CodeIgniter.php(932): App\Controllers\admin\Artikel->edit('favicon.ico')
 7 SYSTEMPATH\CodeIgniter.php(497): CodeIgniter\CodeIgniter->runController(Object(App\Controllers\admin\Artikel))
 8 SYSTEMPATH\CodeIgniter.php(366): CodeIgniter\CodeIgniter->handleRequest(null, Object(Config\Cache), false)
 9 FCPATH\index.php(67): CodeIgniter\CodeIgniter->run()
10 SYSTEMPATH\Commands\Server\rewrite.php(47): require_once('D:\\ANIK SAHILAH\\Semester 7\\Magang\\Coding\\Tugas SEO\\adscandy.kadinkotamalang.com\\16.1\\public\\index.php')
INFO - 2024-09-28 03:40:44 --> CSRF token verified.
INFO - 2024-09-28 03:40:44 --> Session: Class initialized using 'CodeIgniter\Session\Handlers\FileHandler' driver.
INFO - 2024-09-28 03:40:45 --> Session: Class initialized using 'CodeIgniter\Session\Handlers\FileHandler' driver.
INFO - 2024-09-28 03:41:23 --> Session: Class initialized using 'CodeIgniter\Session\Handlers\FileHandler' driver.
INFO - 2024-09-28 03:42:07 --> CSRF token verified.
INFO - 2024-09-28 03:42:07 --> Session: Class initialized using 'CodeIgniter\Session\Handlers\FileHandler' driver.
INFO - 2024-09-28 03:42:08 --> Session: Class initialized using 'CodeIgniter\Session\Handlers\FileHandler' driver.
INFO - 2024-09-28 03:42:32 --> CSRF token verified.
INFO - 2024-09-28 03:42:32 --> Session: Class initialized using 'CodeIgniter\Session\Handlers\FileHandler' driver.
INFO - 2024-09-28 03:42:32 --> Session: Class initialized using 'CodeIgniter\Session\Handlers\FileHandler' driver.
INFO - 2024-09-28 03:42:45 --> CSRF token verified.
INFO - 2024-09-28 03:42:45 --> Session: Class initialized using 'CodeIgniter\Session\Handlers\FileHandler' driver.
INFO - 2024-09-28 03:42:45 --> Session: Class initialized using 'CodeIgniter\Session\Handlers\FileHandler' driver.
INFO - 2024-09-28 03:42:52 --> CSRF token verified.
INFO - 2024-09-28 03:42:52 --> Session: Class initialized using 'CodeIgniter\Session\Handlers\FileHandler' driver.
INFO - 2024-09-28 03:42:52 --> Session: Class initialized using 'CodeIgniter\Session\Handlers\FileHandler' driver.
INFO - 2024-09-28 03:43:02 --> CSRF token verified.
INFO - 2024-09-28 03:43:02 --> Session: Class initialized using 'CodeIgniter\Session\Handlers\FileHandler' driver.
INFO - 2024-09-28 03:43:03 --> Session: Class initialized using 'CodeIgniter\Session\Handlers\FileHandler' driver.
INFO - 2024-09-28 03:43:11 --> Session: Class initialized using 'CodeIgniter\Session\Handlers\FileHandler' driver.
INFO - 2024-09-28 03:43:12 --> Session: Class initialized using 'CodeIgniter\Session\Handlers\FileHandler' driver.
INFO - 2024-09-28 04:10:23 --> Session: Class initialized using 'CodeIgniter\Session\Handlers\FileHandler' driver.
INFO - 2024-09-28 04:10:27 --> Session: Class initialized using 'CodeIgniter\Session\Handlers\FileHandler' driver.
INFO - 2024-09-28 04:10:31 --> Session: Class initialized using 'CodeIgniter\Session\Handlers\FileHandler' driver.
INFO - 2024-09-28 04:10:33 --> Session: Class initialized using 'CodeIgniter\Session\Handlers\FileHandler' driver.
INFO - 2024-09-28 04:11:31 --> Session: Class initialized using 'CodeIgniter\Session\Handlers\FileHandler' driver.
CRITICAL - 2024-09-28 04:11:31 --> Cannot use object of type stdClass as array
in APPPATH\Views\user\template\template.php on line 14.
 1 SYSTEMPATH\View\View.php(224): include()
 2 SYSTEMPATH\View\View.php(227): CodeIgniter\View\View->CodeIgniter\View\{closure}()
 3 SYSTEMPATH\View\View.php(240): CodeIgniter\View\View->render('user/template/template', [], true)
 4 SYSTEMPATH\Common.php(1180): CodeIgniter\View\View->render('user/artikel/detail', [], true)
 5 APPPATH\Controllers\user\Artikelctrl.php(66): view('user/artikel/detail', [...])
 6 SYSTEMPATH\CodeIgniter.php(932): App\Controllers\user\Artikelctrl->detail('9')
 7 SYSTEMPATH\CodeIgniter.php(497): CodeIgniter\CodeIgniter->runController(Object(App\Controllers\user\Artikelctrl))
 8 SYSTEMPATH\CodeIgniter.php(366): CodeIgniter\CodeIgniter->handleRequest(null, Object(Config\Cache), false)
 9 FCPATH\index.php(67): CodeIgniter\CodeIgniter->run()
10 SYSTEMPATH\Commands\Server\rewrite.php(47): require_once('D:\\ANIK SAHILAH\\Semester 7\\Magang\\Coding\\Tugas SEO\\adscandy.kadinkotamalang.com\\16.1\\public\\index.php')
INFO - 2024-09-28 04:11:32 --> Session: Class initialized using 'CodeIgniter\Session\Handlers\FileHandler' driver.
CRITICAL - 2024-09-28 04:11:32 --> Cannot use object of type stdClass as array
in APPPATH\Views\user\template\template.php on line 14.
 1 SYSTEMPATH\View\View.php(224): include()
 2 SYSTEMPATH\View\View.php(227): CodeIgniter\View\View->CodeIgniter\View\{closure}()
 3 SYSTEMPATH\View\View.php(240): CodeIgniter\View\View->render('user/template/template', [], true)
 4 SYSTEMPATH\Common.php(1180): CodeIgniter\View\View->render('user/artikel/detail', [], true)
 5 APPPATH\Controllers\user\Artikelctrl.php(66): view('user/artikel/detail', [...])
 6 SYSTEMPATH\CodeIgniter.php(932): App\Controllers\user\Artikelctrl->detail('9')
 7 SYSTEMPATH\CodeIgniter.php(497): CodeIgniter\CodeIgniter->runController(Object(App\Controllers\user\Artikelctrl))
 8 SYSTEMPATH\CodeIgniter.php(366): CodeIgniter\CodeIgniter->handleRequest(null, Object(Config\Cache), false)
 9 FCPATH\index.php(67): CodeIgniter\CodeIgniter->run()
10 SYSTEMPATH\Commands\Server\rewrite.php(47): require_once('D:\\ANIK SAHILAH\\Semester 7\\Magang\\Coding\\Tugas SEO\\adscandy.kadinkotamalang.com\\16.1\\public\\index.php')
INFO - 2024-09-28 04:12:03 --> Session: Class initialized using 'CodeIgniter\Session\Handlers\FileHandler' driver.
INFO - 2024-09-28 04:12:11 --> Session: Class initialized using 'CodeIgniter\Session\Handlers\FileHandler' driver.
INFO - 2024-09-28 04:12:24 --> Session: Class initialized using 'CodeIgniter\Session\Handlers\FileHandler' driver.
INFO - 2024-09-28 04:15:28 --> Session: Class initialized using 'CodeIgniter\Session\Handlers\FileHandler' driver.
INFO - 2024-09-28 04:16:04 --> Session: Class initialized using 'CodeIgniter\Session\Handlers\FileHandler' driver.
INFO - 2024-09-28 04:18:11 --> Session: Class initialized using 'CodeIgniter\Session\Handlers\FileHandler' driver.
INFO - 2024-09-28 04:18:11 --> Session: Class initialized using 'CodeIgniter\Session\Handlers\FileHandler' driver.
INFO - 2024-09-28 04:18:18 --> Session: Class initialized using 'CodeIgniter\Session\Handlers\FileHandler' driver.
INFO - 2024-09-28 04:18:23 --> Session: Class initialized using 'CodeIgniter\Session\Handlers\FileHandler' driver.
INFO - 2024-09-28 04:18:23 --> Session: Class initialized using 'CodeIgniter\Session\Handlers\FileHandler' driver.
INFO - 2024-09-28 04:53:29 --> Session: Class initialized using 'CodeIgniter\Session\Handlers\FileHandler' driver.
INFO - 2024-09-28 04:53:30 --> Session: Class initialized using 'CodeIgniter\Session\Handlers\FileHandler' driver.
INFO - 2024-09-28 04:54:49 --> Session: Class initialized using 'CodeIgniter\Session\Handlers\FileHandler' driver.
INFO - 2024-09-28 04:54:54 --> Session: Class initialized using 'CodeIgniter\Session\Handlers\FileHandler' driver.
INFO - 2024-09-28 04:56:39 --> Session: Class initialized using 'CodeIgniter\Session\Handlers\FileHandler' driver.
INFO - 2024-09-28 04:56:43 --> Session: Class initialized using 'CodeIgniter\Session\Handlers\FileHandler' driver.
INFO - 2024-09-28 04:56:47 --> Session: Class initialized using 'CodeIgniter\Session\Handlers\FileHandler' driver.
INFO - 2024-09-28 04:58:48 --> Session: Class initialized using 'CodeIgniter\Session\Handlers\FileHandler' driver.
INFO - 2024-09-28 04:58:53 --> Session: Class initialized using 'CodeIgniter\Session\Handlers\FileHandler' driver.
INFO - 2024-09-28 04:58:55 --> Session: Class initialized using 'CodeIgniter\Session\Handlers\FileHandler' driver.
INFO - 2024-09-28 04:58:59 --> Session: Class initialized using 'CodeIgniter\Session\Handlers\FileHandler' driver.
INFO - 2024-09-28 04:59:20 --> Session: Class initialized using 'CodeIgniter\Session\Handlers\FileHandler' driver.
INFO - 2024-09-28 05:00:19 --> Session: Class initialized using 'CodeIgniter\Session\Handlers\FileHandler' driver.
INFO - 2024-09-28 05:00:23 --> Session: Class initialized using 'CodeIgniter\Session\Handlers\FileHandler' driver.
INFO - 2024-09-28 05:00:27 --> Session: Class initialized using 'CodeIgniter\Session\Handlers\FileHandler' driver.
INFO - 2024-09-28 05:00:38 --> CSRF token verified.
INFO - 2024-09-28 05:00:38 --> Session: Class initialized using 'CodeIgniter\Session\Handlers\FileHandler' driver.
INFO - 2024-09-28 05:00:39 --> Session: Class initialized using 'CodeIgniter\Session\Handlers\FileHandler' driver.
INFO - 2024-09-28 05:01:29 --> Session: Class initialized using 'CodeIgniter\Session\Handlers\FileHandler' driver.
INFO - 2024-09-28 05:01:32 --> Session: Class initialized using 'CodeIgniter\Session\Handlers\FileHandler' driver.
INFO - 2024-09-28 05:02:23 --> CSRF token verified.
INFO - 2024-09-28 05:02:23 --> Session: Class initialized using 'CodeIgniter\Session\Handlers\FileHandler' driver.
INFO - 2024-09-28 05:02:24 --> Session: Class initialized using 'CodeIgniter\Session\Handlers\FileHandler' driver.
INFO - 2024-09-28 05:02:33 --> Session: Class initialized using 'CodeIgniter\Session\Handlers\FileHandler' driver.
INFO - 2024-09-28 05:02:34 --> Session: Class initialized using 'CodeIgniter\Session\Handlers\FileHandler' driver.
INFO - 2024-09-28 05:04:41 --> Session: Class initialized using 'CodeIgniter\Session\Handlers\FileHandler' driver.
INFO - 2024-09-28 05:04:58 --> Session: Class initialized using 'CodeIgniter\Session\Handlers\FileHandler' driver.
INFO - 2024-09-28 05:05:04 --> Session: Class initialized using 'CodeIgniter\Session\Handlers\FileHandler' driver.
INFO - 2024-09-28 05:05:08 --> Session: Class initialized using 'CodeIgniter\Session\Handlers\FileHandler' driver.
INFO - 2024-09-28 05:05:26 --> Session: Class initialized using 'CodeIgniter\Session\Handlers\FileHandler' driver.
INFO - 2024-09-28 05:05:27 --> Session: Class initialized using 'CodeIgniter\Session\Handlers\FileHandler' driver.
INFO - 2024-09-28 05:05:31 --> Session: Class initialized using 'CodeIgniter\Session\Handlers\FileHandler' driver.
INFO - 2024-09-28 05:05:35 --> Session: Class initialized using 'CodeIgniter\Session\Handlers\FileHandler' driver.
INFO - 2024-09-28 05:05:50 --> Session: Class initialized using 'CodeIgniter\Session\Handlers\FileHandler' driver.
INFO - 2024-09-28 05:06:03 --> Session: Class initialized using 'CodeIgniter\Session\Handlers\FileHandler' driver.
INFO - 2024-09-28 05:06:06 --> Session: Class initialized using 'CodeIgniter\Session\Handlers\FileHandler' driver.
INFO - 2024-09-28 05:06:11 --> Session: Class initialized using 'CodeIgniter\Session\Handlers\FileHandler' driver.
INFO - 2024-09-28 05:06:14 --> Session: Class initialized using 'CodeIgniter\Session\Handlers\FileHandler' driver.
INFO - 2024-09-28 05:07:00 --> Session: Class initialized using 'CodeIgniter\Session\Handlers\FileHandler' driver.
INFO - 2024-09-28 05:07:04 --> Session: Class initialized using 'CodeIgniter\Session\Handlers\FileHandler' driver.
INFO - 2024-09-28 05:07:09 --> Session: Class initialized using 'CodeIgniter\Session\Handlers\FileHandler' driver.
INFO - 2024-09-28 05:10:24 --> Session: Class initialized using 'CodeIgniter\Session\Handlers\FileHandler' driver.
INFO - 2024-09-28 05:10:26 --> Session: Class initialized using 'CodeIgniter\Session\Handlers\FileHandler' driver.
INFO - 2024-09-28 05:11:47 --> Session: Class initialized using 'CodeIgniter\Session\Handlers\FileHandler' driver.
INFO - 2024-09-28 05:12:29 --> Session: Class initialized using 'CodeIgniter\Session\Handlers\FileHandler' driver.
INFO - 2024-09-28 05:12:39 --> Session: Class initialized using 'CodeIgniter\Session\Handlers\FileHandler' driver.
INFO - 2024-09-28 05:14:17 --> Session: Class initialized using 'CodeIgniter\Session\Handlers\FileHandler' driver.
INFO - 2024-09-28 05:14:23 --> Session: Class initialized using 'CodeIgniter\Session\Handlers\FileHandler' driver.
INFO - 2024-09-28 05:14:25 --> Session: Class initialized using 'CodeIgniter\Session\Handlers\FileHandler' driver.
INFO - 2024-09-28 05:14:28 --> Session: Class initialized using 'CodeIgniter\Session\Handlers\FileHandler' driver.
INFO - 2024-09-28 05:16:49 --> Session: Class initialized using 'CodeIgniter\Session\Handlers\FileHandler' driver.
INFO - 2024-09-28 05:16:52 --> Session: Class initialized using 'CodeIgniter\Session\Handlers\FileHandler' driver.
INFO - 2024-09-28 05:17:32 --> Session: Class initialized using 'CodeIgniter\Session\Handlers\FileHandler' driver.
INFO - 2024-09-28 05:54:22 --> Session: Class initialized using 'CodeIgniter\Session\Handlers\FileHandler' driver.
