INFO - 2024-09-25 02:54:27 --> Session: Class initialized using 'CodeIgniter\Session\Handlers\FileHandler' driver.
INFO - 2024-09-25 02:54:34 --> Session: Class initialized using 'CodeIgniter\Session\Handlers\FileHandler' driver.
INFO - 2024-09-25 02:54:59 --> Session: Class initialized using 'CodeIgniter\Session\Handlers\FileHandler' driver.
INFO - 2024-09-25 03:02:59 --> Session: Class initialized using 'CodeIgniter\Session\Handlers\FileHandler' driver.
INFO - 2024-09-25 03:03:00 --> Session: Class initialized using 'CodeIgniter\Session\Handlers\FileHandler' driver.
INFO - 2024-09-25 03:03:04 --> Session: Class initialized using 'CodeIgniter\Session\Handlers\FileHandler' driver.
INFO - 2024-09-25 03:03:05 --> Session: Class initialized using 'CodeIgniter\Session\Handlers\FileHandler' driver.
INFO - 2024-09-25 03:18:08 --> Session: Class initialized using 'CodeIgniter\Session\Handlers\FileHandler' driver.
INFO - 2024-09-25 03:18:11 --> Session: Class initialized using 'CodeIgniter\Session\Handlers\FileHandler' driver.
INFO - 2024-09-25 03:19:41 --> Session: Class initialized using 'CodeIgniter\Session\Handlers\FileHandler' driver.
INFO - 2024-09-25 03:19:41 --> Session: Class initialized using 'CodeIgniter\Session\Handlers\FileHandler' driver.
INFO - 2024-09-25 03:19:48 --> CSRF token verified.
INFO - 2024-09-25 03:19:48 --> Session: Class initialized using 'CodeIgniter\Session\Handlers\FileHandler' driver.
INFO - 2024-09-25 03:19:48 --> Session: Class initialized using 'CodeIgniter\Session\Handlers\FileHandler' driver.
INFO - 2024-09-25 03:19:54 --> Session: Class initialized using 'CodeIgniter\Session\Handlers\FileHandler' driver.
INFO - 2024-09-25 05:32:00 --> Session: Class initialized using 'CodeIgniter\Session\Handlers\FileHandler' driver.
INFO - 2024-09-25 05:32:02 --> Session: Class initialized using 'CodeIgniter\Session\Handlers\FileHandler' driver.
INFO - 2024-09-25 05:32:13 --> Session: Class initialized using 'CodeIgniter\Session\Handlers\FileHandler' driver.
INFO - 2024-09-25 05:32:42 --> Session: Class initialized using 'CodeIgniter\Session\Handlers\FileHandler' driver.
INFO - 2024-09-25 05:42:29 --> Session: Class initialized using 'CodeIgniter\Session\Handlers\FileHandler' driver.
INFO - 2024-09-25 05:45:31 --> CSRF token verified.
INFO - 2024-09-25 05:45:32 --> Session: Class initialized using 'CodeIgniter\Session\Handlers\FileHandler' driver.
INFO - 2024-09-25 05:45:32 --> Session: Class initialized using 'CodeIgniter\Session\Handlers\FileHandler' driver.
INFO - 2024-09-25 05:45:38 --> Session: Class initialized using 'CodeIgniter\Session\Handlers\FileHandler' driver.
INFO - 2024-09-25 06:22:43 --> Session: Class initialized using 'CodeIgniter\Session\Handlers\FileHandler' driver.
INFO - 2024-09-25 06:23:47 --> CSRF token verified.
INFO - 2024-09-25 06:23:47 --> Session: Class initialized using 'CodeIgniter\Session\Handlers\FileHandler' driver.
INFO - 2024-09-25 06:23:48 --> Session: Class initialized using 'CodeIgniter\Session\Handlers\FileHandler' driver.
INFO - 2024-09-25 06:23:59 --> Session: Class initialized using 'CodeIgniter\Session\Handlers\FileHandler' driver.
INFO - 2024-09-25 06:24:02 --> Session: Class initialized using 'CodeIgniter\Session\Handlers\FileHandler' driver.
INFO - 2024-09-25 06:24:08 --> Session: Class initialized using 'CodeIgniter\Session\Handlers\FileHandler' driver.
INFO - 2024-09-25 06:24:51 --> Session: Class initialized using 'CodeIgniter\Session\Handlers\FileHandler' driver.
INFO - 2024-09-25 06:25:23 --> Session: Class initialized using 'CodeIgniter\Session\Handlers\FileHandler' driver.
INFO - 2024-09-25 06:25:25 --> Session: Class initialized using 'CodeIgniter\Session\Handlers\FileHandler' driver.
INFO - 2024-09-25 06:25:29 --> Session: Class initialized using 'CodeIgniter\Session\Handlers\FileHandler' driver.
INFO - 2024-09-25 06:25:44 --> CSRF token verified.
INFO - 2024-09-25 06:25:44 --> Session: Class initialized using 'CodeIgniter\Session\Handlers\FileHandler' driver.
INFO - 2024-09-25 06:26:21 --> Session: Class initialized using 'CodeIgniter\Session\Handlers\FileHandler' driver.
INFO - 2024-09-25 06:26:24 --> CSRF token verified.
INFO - 2024-09-25 06:26:24 --> Session: Class initialized using 'CodeIgniter\Session\Handlers\FileHandler' driver.
INFO - 2024-09-25 06:26:24 --> Session: Class initialized using 'CodeIgniter\Session\Handlers\FileHandler' driver.
INFO - 2024-09-25 06:26:29 --> Session: Class initialized using 'CodeIgniter\Session\Handlers\FileHandler' driver.
INFO - 2024-09-25 06:26:35 --> CSRF token verified.
INFO - 2024-09-25 06:26:35 --> Session: Class initialized using 'CodeIgniter\Session\Handlers\FileHandler' driver.
INFO - 2024-09-25 06:26:35 --> Session: Class initialized using 'CodeIgniter\Session\Handlers\FileHandler' driver.
INFO - 2024-09-25 06:26:46 --> Session: Class initialized using 'CodeIgniter\Session\Handlers\FileHandler' driver.
INFO - 2024-09-25 06:27:02 --> Session: Class initialized using 'CodeIgniter\Session\Handlers\FileHandler' driver.
INFO - 2024-09-25 06:27:09 --> Session: Class initialized using 'CodeIgniter\Session\Handlers\FileHandler' driver.
INFO - 2024-09-25 06:27:11 --> Session: Class initialized using 'CodeIgniter\Session\Handlers\FileHandler' driver.
INFO - 2024-09-25 06:27:36 --> Session: Class initialized using 'CodeIgniter\Session\Handlers\FileHandler' driver.
INFO - 2024-09-25 06:28:27 --> CSRF token verified.
INFO - 2024-09-25 06:28:27 --> Session: Class initialized using 'CodeIgniter\Session\Handlers\FileHandler' driver.
INFO - 2024-09-25 06:28:27 --> Session: Class initialized using 'CodeIgniter\Session\Handlers\FileHandler' driver.
INFO - 2024-09-25 06:28:32 --> Session: Class initialized using 'CodeIgniter\Session\Handlers\FileHandler' driver.
INFO - 2024-09-25 06:28:37 --> Session: Class initialized using 'CodeIgniter\Session\Handlers\FileHandler' driver.
INFO - 2024-09-25 06:28:42 --> CSRF token verified.
INFO - 2024-09-25 06:28:43 --> Session: Class initialized using 'CodeIgniter\Session\Handlers\FileHandler' driver.
INFO - 2024-09-25 06:28:43 --> Session: Class initialized using 'CodeIgniter\Session\Handlers\FileHandler' driver.
INFO - 2024-09-25 06:28:47 --> Session: Class initialized using 'CodeIgniter\Session\Handlers\FileHandler' driver.
INFO - 2024-09-25 06:28:50 --> Session: Class initialized using 'CodeIgniter\Session\Handlers\FileHandler' driver.
INFO - 2024-09-25 06:28:55 --> Session: Class initialized using 'CodeIgniter\Session\Handlers\FileHandler' driver.
INFO - 2024-09-25 06:28:58 --> Session: Class initialized using 'CodeIgniter\Session\Handlers\FileHandler' driver.
INFO - 2024-09-25 06:30:27 --> Session: Class initialized using 'CodeIgniter\Session\Handlers\FileHandler' driver.
INFO - 2024-09-25 06:30:29 --> Session: Class initialized using 'CodeIgniter\Session\Handlers\FileHandler' driver.
INFO - 2024-09-25 06:30:32 --> Session: Class initialized using 'CodeIgniter\Session\Handlers\FileHandler' driver.
INFO - 2024-09-25 06:30:50 --> Session: Class initialized using 'CodeIgniter\Session\Handlers\FileHandler' driver.
INFO - 2024-09-25 06:33:21 --> Session: Class initialized using 'CodeIgniter\Session\Handlers\FileHandler' driver.
INFO - 2024-09-25 06:33:36 --> Session: Class initialized using 'CodeIgniter\Session\Handlers\FileHandler' driver.
INFO - 2024-09-25 06:33:44 --> CSRF token verified.
INFO - 2024-09-25 06:33:44 --> Session: Class initialized using 'CodeIgniter\Session\Handlers\FileHandler' driver.
INFO - 2024-09-25 06:33:45 --> Session: Class initialized using 'CodeIgniter\Session\Handlers\FileHandler' driver.
INFO - 2024-09-25 06:34:12 --> Session: Class initialized using 'CodeIgniter\Session\Handlers\FileHandler' driver.
INFO - 2024-09-25 06:34:23 --> Session: Class initialized using 'CodeIgniter\Session\Handlers\FileHandler' driver.
INFO - 2024-09-25 06:34:57 --> Session: Class initialized using 'CodeIgniter\Session\Handlers\FileHandler' driver.
INFO - 2024-09-25 06:35:46 --> Session: Class initialized using 'CodeIgniter\Session\Handlers\FileHandler' driver.
INFO - 2024-09-25 06:35:49 --> Session: Class initialized using 'CodeIgniter\Session\Handlers\FileHandler' driver.
INFO - 2024-09-25 06:36:00 --> Session: Class initialized using 'CodeIgniter\Session\Handlers\FileHandler' driver.
INFO - 2024-09-25 06:36:05 --> CSRF token verified.
INFO - 2024-09-25 06:36:06 --> Session: Class initialized using 'CodeIgniter\Session\Handlers\FileHandler' driver.
INFO - 2024-09-25 06:36:06 --> Session: Class initialized using 'CodeIgniter\Session\Handlers\FileHandler' driver.
INFO - 2024-09-25 06:45:07 --> Session: Class initialized using 'CodeIgniter\Session\Handlers\FileHandler' driver.
INFO - 2024-09-25 06:45:11 --> Session: Class initialized using 'CodeIgniter\Session\Handlers\FileHandler' driver.
INFO - 2024-09-25 06:52:57 --> Session: Class initialized using 'CodeIgniter\Session\Handlers\FileHandler' driver.
INFO - 2024-09-25 06:59:24 --> Session: Class initialized using 'CodeIgniter\Session\Handlers\FileHandler' driver.
INFO - 2024-09-25 06:59:35 --> Session: Class initialized using 'CodeIgniter\Session\Handlers\FileHandler' driver.
INFO - 2024-09-25 07:00:06 --> Session: Class initialized using 'CodeIgniter\Session\Handlers\FileHandler' driver.
INFO - 2024-09-25 07:02:55 --> Session: Class initialized using 'CodeIgniter\Session\Handlers\FileHandler' driver.
INFO - 2024-09-25 07:03:00 --> Session: Class initialized using 'CodeIgniter\Session\Handlers\FileHandler' driver.
INFO - 2024-09-25 07:07:07 --> Session: Class initialized using 'CodeIgniter\Session\Handlers\FileHandler' driver.
INFO - 2024-09-25 07:07:11 --> Session: Class initialized using 'CodeIgniter\Session\Handlers\FileHandler' driver.
INFO - 2024-09-25 07:11:03 --> Session: Class initialized using 'CodeIgniter\Session\Handlers\FileHandler' driver.
CRITICAL - 2024-09-25 07:11:03 --> Call to undefined function App\Controllers\user\character_limiter()
in APPPATH\Controllers\user\Homectrl.php on line 53.
 1 SYSTEMPATH\CodeIgniter.php(932): App\Controllers\user\Homectrl->index()
 2 SYSTEMPATH\CodeIgniter.php(497): CodeIgniter\CodeIgniter->runController(Object(App\Controllers\user\Homectrl))
 3 SYSTEMPATH\CodeIgniter.php(366): CodeIgniter\CodeIgniter->handleRequest(null, Object(Config\Cache), false)
 4 FCPATH\index.php(67): CodeIgniter\CodeIgniter->run()
 5 SYSTEMPATH\Commands\Server\rewrite.php(47): require_once('D:\\ANIK SAHILAH\\Semester 7\\Magang\\Coding\\Tugas SEO\\adscandy.kadinkotamalang.com\\16.1\\public\\index.php')
INFO - 2024-09-25 07:11:55 --> Session: Class initialized using 'CodeIgniter\Session\Handlers\FileHandler' driver.
INFO - 2024-09-25 07:12:06 --> Session: Class initialized using 'CodeIgniter\Session\Handlers\FileHandler' driver.
INFO - 2024-09-25 07:13:12 --> Session: Class initialized using 'CodeIgniter\Session\Handlers\FileHandler' driver.
CRITICAL - 2024-09-25 07:13:12 --> Call to undefined function App\Controllers\user\character_limiter()
in APPPATH\Controllers\user\Homectrl.php on line 53.
 1 SYSTEMPATH\CodeIgniter.php(932): App\Controllers\user\Homectrl->index()
 2 SYSTEMPATH\CodeIgniter.php(497): CodeIgniter\CodeIgniter->runController(Object(App\Controllers\user\Homectrl))
 3 SYSTEMPATH\CodeIgniter.php(366): CodeIgniter\CodeIgniter->handleRequest(null, Object(Config\Cache), false)
 4 FCPATH\index.php(67): CodeIgniter\CodeIgniter->run()
 5 SYSTEMPATH\Commands\Server\rewrite.php(47): require_once('D:\\ANIK SAHILAH\\Semester 7\\Magang\\Coding\\Tugas SEO\\adscandy.kadinkotamalang.com\\16.1\\public\\index.php')
INFO - 2024-09-25 07:13:21 --> Session: Class initialized using 'CodeIgniter\Session\Handlers\FileHandler' driver.
INFO - 2024-09-25 07:13:31 --> Session: Class initialized using 'CodeIgniter\Session\Handlers\FileHandler' driver.
INFO - 2024-09-25 07:13:41 --> Session: Class initialized using 'CodeIgniter\Session\Handlers\FileHandler' driver.
INFO - 2024-09-25 07:17:38 --> Session: Class initialized using 'CodeIgniter\Session\Handlers\FileHandler' driver.
CRITICAL - 2024-09-25 07:17:38 --> Call to undefined function character_limiter()
in APPPATH\Views\user\home\index.php on line 21.
 1 SYSTEMPATH\View\View.php(224): include()
 2 SYSTEMPATH\View\View.php(227): CodeIgniter\View\View->CodeIgniter\View\{closure}()
 3 SYSTEMPATH\Common.php(1180): CodeIgniter\View\View->render('user/home/index', [], true)
 4 APPPATH\Controllers\user\Homectrl.php(50): view('user/home/index', [...])
 5 SYSTEMPATH\CodeIgniter.php(932): App\Controllers\user\Homectrl->index()
 6 SYSTEMPATH\CodeIgniter.php(497): CodeIgniter\CodeIgniter->runController(Object(App\Controllers\user\Homectrl))
 7 SYSTEMPATH\CodeIgniter.php(366): CodeIgniter\CodeIgniter->handleRequest(null, Object(Config\Cache), false)
 8 FCPATH\index.php(67): CodeIgniter\CodeIgniter->run()
 9 SYSTEMPATH\Commands\Server\rewrite.php(47): require_once('D:\\ANIK SAHILAH\\Semester 7\\Magang\\Coding\\Tugas SEO\\adscandy.kadinkotamalang.com\\16.1\\public\\index.php')
INFO - 2024-09-25 07:23:34 --> Session: Class initialized using 'CodeIgniter\Session\Handlers\FileHandler' driver.
INFO - 2024-09-25 07:23:38 --> Session: Class initialized using 'CodeIgniter\Session\Handlers\FileHandler' driver.
INFO - 2024-09-25 07:23:41 --> Session: Class initialized using 'CodeIgniter\Session\Handlers\FileHandler' driver.
INFO - 2024-09-25 07:47:35 --> Session: Class initialized using 'CodeIgniter\Session\Handlers\FileHandler' driver.
INFO - 2024-09-25 07:48:49 --> Session: Class initialized using 'CodeIgniter\Session\Handlers\FileHandler' driver.
INFO - 2024-09-25 07:49:34 --> Session: Class initialized using 'CodeIgniter\Session\Handlers\FileHandler' driver.
INFO - 2024-09-25 07:49:38 --> Session: Class initialized using 'CodeIgniter\Session\Handlers\FileHandler' driver.
INFO - 2024-09-25 07:49:42 --> Session: Class initialized using 'CodeIgniter\Session\Handlers\FileHandler' driver.
INFO - 2024-09-25 07:49:44 --> Session: Class initialized using 'CodeIgniter\Session\Handlers\FileHandler' driver.
INFO - 2024-09-25 07:54:56 --> Session: Class initialized using 'CodeIgniter\Session\Handlers\FileHandler' driver.
INFO - 2024-09-25 07:55:53 --> Session: Class initialized using 'CodeIgniter\Session\Handlers\FileHandler' driver.
INFO - 2024-09-25 07:55:58 --> Session: Class initialized using 'CodeIgniter\Session\Handlers\FileHandler' driver.
INFO - 2024-09-25 08:09:10 --> Session: Class initialized using 'CodeIgniter\Session\Handlers\FileHandler' driver.
INFO - 2024-09-25 08:09:44 --> Session: Class initialized using 'CodeIgniter\Session\Handlers\FileHandler' driver.
INFO - 2024-09-25 08:09:52 --> CSRF token verified.
INFO - 2024-09-25 08:09:52 --> Session: Class initialized using 'CodeIgniter\Session\Handlers\FileHandler' driver.
INFO - 2024-09-25 08:09:53 --> Session: Class initialized using 'CodeIgniter\Session\Handlers\FileHandler' driver.
INFO - 2024-09-25 08:09:59 --> CSRF token verified.
INFO - 2024-09-25 08:09:59 --> Session: Class initialized using 'CodeIgniter\Session\Handlers\FileHandler' driver.
INFO - 2024-09-25 08:09:59 --> Session: Class initialized using 'CodeIgniter\Session\Handlers\FileHandler' driver.
INFO - 2024-09-25 08:10:04 --> Session: Class initialized using 'CodeIgniter\Session\Handlers\FileHandler' driver.
INFO - 2024-09-25 08:12:01 --> Session: Class initialized using 'CodeIgniter\Session\Handlers\FileHandler' driver.
CRITICAL - 2024-09-25 08:12:01 --> Undefined variable $Title
in APPPATH\Views\user\template\template.php on line 35.
 1 APPPATH\Views\user\template\template.php(35): CodeIgniter\Debug\Exceptions->errorHandler(2, 'Undefined variable $Title', 'D:\\ANIK SAHILAH\\Semester 7\\Magang\\Coding\\Tugas SEO\\adscandy.kadinkotamalang.com\\16.1\\app\\Views\\user\\template\\template.php', 35)
 2 SYSTEMPATH\View\View.php(224): include('D:\\ANIK SAHILAH\\Semester 7\\Magang\\Coding\\Tugas SEO\\adscandy.kadinkotamalang.com\\16.1\\app\\Views\\user\\template\\template.php')
 3 SYSTEMPATH\View\View.php(227): CodeIgniter\View\View->CodeIgniter\View\{closure}()
 4 SYSTEMPATH\View\View.php(240): CodeIgniter\View\View->render('user/template/template', [], true)
 5 SYSTEMPATH\Common.php(1180): CodeIgniter\View\View->render('user/home/index', [], true)
 6 APPPATH\Controllers\user\Homectrl.php(67): view('user/home/index', [...])
 7 SYSTEMPATH\CodeIgniter.php(932): App\Controllers\user\Homectrl->index()
 8 SYSTEMPATH\CodeIgniter.php(497): CodeIgniter\CodeIgniter->runController(Object(App\Controllers\user\Homectrl))
 9 SYSTEMPATH\CodeIgniter.php(366): CodeIgniter\CodeIgniter->handleRequest(null, Object(Config\Cache), false)
10 FCPATH\index.php(67): CodeIgniter\CodeIgniter->run()
11 SYSTEMPATH\Commands\Server\rewrite.php(47): require_once('D:\\ANIK SAHILAH\\Semester 7\\Magang\\Coding\\Tugas SEO\\adscandy.kadinkotamalang.com\\16.1\\public\\index.php')
INFO - 2024-09-25 08:13:01 --> Session: Class initialized using 'CodeIgniter\Session\Handlers\FileHandler' driver.
CRITICAL - 2024-09-25 08:13:01 --> Undefined variable $Title
in APPPATH\Views\user\template\template.php on line 35.
 1 APPPATH\Views\user\template\template.php(35): CodeIgniter\Debug\Exceptions->errorHandler(2, 'Undefined variable $Title', 'D:\\ANIK SAHILAH\\Semester 7\\Magang\\Coding\\Tugas SEO\\adscandy.kadinkotamalang.com\\16.1\\app\\Views\\user\\template\\template.php', 35)
 2 SYSTEMPATH\View\View.php(224): include('D:\\ANIK SAHILAH\\Semester 7\\Magang\\Coding\\Tugas SEO\\adscandy.kadinkotamalang.com\\16.1\\app\\Views\\user\\template\\template.php')
 3 SYSTEMPATH\View\View.php(227): CodeIgniter\View\View->CodeIgniter\View\{closure}()
 4 SYSTEMPATH\View\View.php(240): CodeIgniter\View\View->render('user/template/template', [], true)
 5 SYSTEMPATH\Common.php(1180): CodeIgniter\View\View->render('user/home/index', [], true)
 6 APPPATH\Controllers\user\Homectrl.php(67): view('user/home/index', [...])
 7 SYSTEMPATH\CodeIgniter.php(932): App\Controllers\user\Homectrl->index()
 8 SYSTEMPATH\CodeIgniter.php(497): CodeIgniter\CodeIgniter->runController(Object(App\Controllers\user\Homectrl))
 9 SYSTEMPATH\CodeIgniter.php(366): CodeIgniter\CodeIgniter->handleRequest(null, Object(Config\Cache), false)
10 FCPATH\index.php(67): CodeIgniter\CodeIgniter->run()
11 SYSTEMPATH\Commands\Server\rewrite.php(47): require_once('D:\\ANIK SAHILAH\\Semester 7\\Magang\\Coding\\Tugas SEO\\adscandy.kadinkotamalang.com\\16.1\\public\\index.php')
INFO - 2024-09-25 08:15:29 --> Session: Class initialized using 'CodeIgniter\Session\Handlers\FileHandler' driver.
INFO - 2024-09-25 08:15:49 --> Session: Class initialized using 'CodeIgniter\Session\Handlers\FileHandler' driver.
CRITICAL - 2024-09-25 08:15:49 --> Undefined variable $Title
in APPPATH\Views\user\template\template.php on line 36.
 1 APPPATH\Views\user\template\template.php(36): CodeIgniter\Debug\Exceptions->errorHandler(2, 'Undefined variable $Title', 'D:\\ANIK SAHILAH\\Semester 7\\Magang\\Coding\\Tugas SEO\\adscandy.kadinkotamalang.com\\16.1\\app\\Views\\user\\template\\template.php', 36)
 2 SYSTEMPATH\View\View.php(224): include('D:\\ANIK SAHILAH\\Semester 7\\Magang\\Coding\\Tugas SEO\\adscandy.kadinkotamalang.com\\16.1\\app\\Views\\user\\template\\template.php')
 3 SYSTEMPATH\View\View.php(227): CodeIgniter\View\View->CodeIgniter\View\{closure}()
 4 SYSTEMPATH\View\View.php(240): CodeIgniter\View\View->render('user/template/template', [], true)
 5 SYSTEMPATH\Common.php(1180): CodeIgniter\View\View->render('user/home/index', [], true)
 6 APPPATH\Controllers\user\Homectrl.php(69): view('user/home/index', [...])
 7 SYSTEMPATH\CodeIgniter.php(932): App\Controllers\user\Homectrl->index()
 8 SYSTEMPATH\CodeIgniter.php(497): CodeIgniter\CodeIgniter->runController(Object(App\Controllers\user\Homectrl))
 9 SYSTEMPATH\CodeIgniter.php(366): CodeIgniter\CodeIgniter->handleRequest(null, Object(Config\Cache), false)
10 FCPATH\index.php(67): CodeIgniter\CodeIgniter->run()
11 SYSTEMPATH\Commands\Server\rewrite.php(47): require_once('D:\\ANIK SAHILAH\\Semester 7\\Magang\\Coding\\Tugas SEO\\adscandy.kadinkotamalang.com\\16.1\\public\\index.php')
INFO - 2024-09-25 08:16:10 --> Session: Class initialized using 'CodeIgniter\Session\Handlers\FileHandler' driver.
CRITICAL - 2024-09-25 08:16:10 --> Undefined variable $Title
in APPPATH\Views\user\template\template.php on line 35.
 1 APPPATH\Views\user\template\template.php(35): CodeIgniter\Debug\Exceptions->errorHandler(2, 'Undefined variable $Title', 'D:\\ANIK SAHILAH\\Semester 7\\Magang\\Coding\\Tugas SEO\\adscandy.kadinkotamalang.com\\16.1\\app\\Views\\user\\template\\template.php', 35)
 2 SYSTEMPATH\View\View.php(224): include('D:\\ANIK SAHILAH\\Semester 7\\Magang\\Coding\\Tugas SEO\\adscandy.kadinkotamalang.com\\16.1\\app\\Views\\user\\template\\template.php')
 3 SYSTEMPATH\View\View.php(227): CodeIgniter\View\View->CodeIgniter\View\{closure}()
 4 SYSTEMPATH\View\View.php(240): CodeIgniter\View\View->render('user/template/template', [], true)
 5 SYSTEMPATH\Common.php(1180): CodeIgniter\View\View->render('user/home/index', [], true)
 6 APPPATH\Controllers\user\Homectrl.php(69): view('user/home/index', [...])
 7 SYSTEMPATH\CodeIgniter.php(932): App\Controllers\user\Homectrl->index()
 8 SYSTEMPATH\CodeIgniter.php(497): CodeIgniter\CodeIgniter->runController(Object(App\Controllers\user\Homectrl))
 9 SYSTEMPATH\CodeIgniter.php(366): CodeIgniter\CodeIgniter->handleRequest(null, Object(Config\Cache), false)
10 FCPATH\index.php(67): CodeIgniter\CodeIgniter->run()
11 SYSTEMPATH\Commands\Server\rewrite.php(47): require_once('D:\\ANIK SAHILAH\\Semester 7\\Magang\\Coding\\Tugas SEO\\adscandy.kadinkotamalang.com\\16.1\\public\\index.php')
INFO - 2024-09-25 08:16:39 --> Session: Class initialized using 'CodeIgniter\Session\Handlers\FileHandler' driver.
INFO - 2024-09-25 08:17:12 --> Session: Class initialized using 'CodeIgniter\Session\Handlers\FileHandler' driver.
INFO - 2024-09-25 08:20:28 --> Session: Class initialized using 'CodeIgniter\Session\Handlers\FileHandler' driver.
ERROR - 2024-09-25 08:20:28 --> mysqli_sql_exception: Unknown column 'nama_halaman' in 'where clause' in D:\ANIK SAHILAH\Semester 7\Magang\Coding\Tugas SEO\adscandy.kadinkotamalang.com\16.1\system\Database\MySQLi\Connection.php:295
Stack trace:
#0 D:\ANIK SAHILAH\Semester 7\Magang\Coding\Tugas SEO\adscandy.kadinkotamalang.com\16.1\system\Database\MySQLi\Connection.php(295): mysqli->query('SELECT *\nFROM `...', 0)
#1 D:\ANIK SAHILAH\Semester 7\Magang\Coding\Tugas SEO\adscandy.kadinkotamalang.com\16.1\system\Database\BaseConnection.php(692): CodeIgniter\Database\MySQLi\Connection->execute('SELECT *\nFROM `...')
#2 D:\ANIK SAHILAH\Semester 7\Magang\Coding\Tugas SEO\adscandy.kadinkotamalang.com\16.1\system\Database\BaseConnection.php(606): CodeIgniter\Database\BaseConnection->simpleQuery('SELECT *\nFROM `...')
#3 D:\ANIK SAHILAH\Semester 7\Magang\Coding\Tugas SEO\adscandy.kadinkotamalang.com\16.1\system\Database\BaseBuilder.php(1616): CodeIgniter\Database\BaseConnection->query('SELECT *\nFROM `...', Array, false)
#4 D:\ANIK SAHILAH\Semester 7\Magang\Coding\Tugas SEO\adscandy.kadinkotamalang.com\16.1\system\Model.php(268): CodeIgniter\Database\BaseBuilder->get()
#5 D:\ANIK SAHILAH\Semester 7\Magang\Coding\Tugas SEO\adscandy.kadinkotamalang.com\16.1\system\BaseModel.php(656): CodeIgniter\Model->doFirst()
#6 D:\ANIK SAHILAH\Semester 7\Magang\Coding\Tugas SEO\adscandy.kadinkotamalang.com\16.1\app\Controllers\user\Homectrl.php(47): CodeIgniter\BaseModel->first()
#7 D:\ANIK SAHILAH\Semester 7\Magang\Coding\Tugas SEO\adscandy.kadinkotamalang.com\16.1\system\CodeIgniter.php(932): App\Controllers\user\Homectrl->index()
#8 D:\ANIK SAHILAH\Semester 7\Magang\Coding\Tugas SEO\adscandy.kadinkotamalang.com\16.1\system\CodeIgniter.php(497): CodeIgniter\CodeIgniter->runController(Object(App\Controllers\user\Homectrl))
#9 D:\ANIK SAHILAH\Semester 7\Magang\Coding\Tugas SEO\adscandy.kadinkotamalang.com\16.1\system\CodeIgniter.php(366): CodeIgniter\CodeIgniter->handleRequest(NULL, Object(Config\Cache), false)
#10 D:\ANIK SAHILAH\Semester 7\Magang\Coding\Tugas SEO\adscandy.kadinkotamalang.com\16.1\public\index.php(67): CodeIgniter\CodeIgniter->run()
#11 D:\ANIK SAHILAH\Semester 7\Magang\Coding\Tugas SEO\adscandy.kadinkotamalang.com\16.1\system\Commands\Server\rewrite.php(47): require_once('D:\\ANIK SAHILAH...')
#12 {main}
CRITICAL - 2024-09-25 08:20:28 --> Unknown column 'nama_halaman' in 'where clause'
in SYSTEMPATH\Database\MySQLi\Connection.php on line 295.
 1 SYSTEMPATH\Database\MySQLi\Connection.php(295): mysqli->query('SELECT *
FROM `meta_data`
WHERE `nama_halaman` = \'home\'
 LIMIT 1', 0)
 2 SYSTEMPATH\Database\BaseConnection.php(692): CodeIgniter\Database\MySQLi\Connection->execute('SELECT *
FROM `meta_data`
WHERE `nama_halaman` = \'home\'
 LIMIT 1')
 3 SYSTEMPATH\Database\BaseConnection.php(606): CodeIgniter\Database\BaseConnection->simpleQuery('SELECT *
FROM `meta_data`
WHERE `nama_halaman` = \'home\'
 LIMIT 1')
 4 SYSTEMPATH\Database\BaseBuilder.php(1616): CodeIgniter\Database\BaseConnection->query('SELECT *
FROM `meta_data`
WHERE `nama_halaman` = :nama_halaman:
 LIMIT 1', [...], false)
 5 SYSTEMPATH\Model.php(268): CodeIgniter\Database\BaseBuilder->get()
 6 SYSTEMPATH\BaseModel.php(656): CodeIgniter\Model->doFirst()
 7 APPPATH\Controllers\user\Homectrl.php(47): CodeIgniter\BaseModel->first()
 8 SYSTEMPATH\CodeIgniter.php(932): App\Controllers\user\Homectrl->index()
 9 SYSTEMPATH\CodeIgniter.php(497): CodeIgniter\CodeIgniter->runController(Object(App\Controllers\user\Homectrl))
10 SYSTEMPATH\CodeIgniter.php(366): CodeIgniter\CodeIgniter->handleRequest(null, Object(Config\Cache), false)
11 FCPATH\index.php(67): CodeIgniter\CodeIgniter->run()
12 SYSTEMPATH\Commands\Server\rewrite.php(47): require_once('D:\\ANIK SAHILAH\\Semester 7\\Magang\\Coding\\Tugas SEO\\adscandy.kadinkotamalang.com\\16.1\\public\\index.php')
INFO - 2024-09-25 08:20:46 --> Session: Class initialized using 'CodeIgniter\Session\Handlers\FileHandler' driver.
ERROR - 2024-09-25 08:20:46 --> mysqli_sql_exception: Unknown column 'nama_halaman' in 'where clause' in D:\ANIK SAHILAH\Semester 7\Magang\Coding\Tugas SEO\adscandy.kadinkotamalang.com\16.1\system\Database\MySQLi\Connection.php:295
Stack trace:
#0 D:\ANIK SAHILAH\Semester 7\Magang\Coding\Tugas SEO\adscandy.kadinkotamalang.com\16.1\system\Database\MySQLi\Connection.php(295): mysqli->query('SELECT *\nFROM `...', 0)
#1 D:\ANIK SAHILAH\Semester 7\Magang\Coding\Tugas SEO\adscandy.kadinkotamalang.com\16.1\system\Database\BaseConnection.php(692): CodeIgniter\Database\MySQLi\Connection->execute('SELECT *\nFROM `...')
#2 D:\ANIK SAHILAH\Semester 7\Magang\Coding\Tugas SEO\adscandy.kadinkotamalang.com\16.1\system\Database\BaseConnection.php(606): CodeIgniter\Database\BaseConnection->simpleQuery('SELECT *\nFROM `...')
#3 D:\ANIK SAHILAH\Semester 7\Magang\Coding\Tugas SEO\adscandy.kadinkotamalang.com\16.1\system\Database\BaseBuilder.php(1616): CodeIgniter\Database\BaseConnection->query('SELECT *\nFROM `...', Array, false)
#4 D:\ANIK SAHILAH\Semester 7\Magang\Coding\Tugas SEO\adscandy.kadinkotamalang.com\16.1\system\Model.php(268): CodeIgniter\Database\BaseBuilder->get()
#5 D:\ANIK SAHILAH\Semester 7\Magang\Coding\Tugas SEO\adscandy.kadinkotamalang.com\16.1\system\BaseModel.php(656): CodeIgniter\Model->doFirst()
#6 D:\ANIK SAHILAH\Semester 7\Magang\Coding\Tugas SEO\adscandy.kadinkotamalang.com\16.1\app\Controllers\user\Homectrl.php(47): CodeIgniter\BaseModel->first()
#7 D:\ANIK SAHILAH\Semester 7\Magang\Coding\Tugas SEO\adscandy.kadinkotamalang.com\16.1\system\CodeIgniter.php(932): App\Controllers\user\Homectrl->index()
#8 D:\ANIK SAHILAH\Semester 7\Magang\Coding\Tugas SEO\adscandy.kadinkotamalang.com\16.1\system\CodeIgniter.php(497): CodeIgniter\CodeIgniter->runController(Object(App\Controllers\user\Homectrl))
#9 D:\ANIK SAHILAH\Semester 7\Magang\Coding\Tugas SEO\adscandy.kadinkotamalang.com\16.1\system\CodeIgniter.php(366): CodeIgniter\CodeIgniter->handleRequest(NULL, Object(Config\Cache), false)
#10 D:\ANIK SAHILAH\Semester 7\Magang\Coding\Tugas SEO\adscandy.kadinkotamalang.com\16.1\public\index.php(67): CodeIgniter\CodeIgniter->run()
#11 D:\ANIK SAHILAH\Semester 7\Magang\Coding\Tugas SEO\adscandy.kadinkotamalang.com\16.1\system\Commands\Server\rewrite.php(47): require_once('D:\\ANIK SAHILAH...')
#12 {main}
CRITICAL - 2024-09-25 08:20:46 --> Unknown column 'nama_halaman' in 'where clause'
in SYSTEMPATH\Database\MySQLi\Connection.php on line 295.
 1 SYSTEMPATH\Database\MySQLi\Connection.php(295): mysqli->query('SELECT *
FROM `meta_data`
WHERE `nama_halaman` = \'home\'
 LIMIT 1', 0)
 2 SYSTEMPATH\Database\BaseConnection.php(692): CodeIgniter\Database\MySQLi\Connection->execute('SELECT *
FROM `meta_data`
WHERE `nama_halaman` = \'home\'
 LIMIT 1')
 3 SYSTEMPATH\Database\BaseConnection.php(606): CodeIgniter\Database\BaseConnection->simpleQuery('SELECT *
FROM `meta_data`
WHERE `nama_halaman` = \'home\'
 LIMIT 1')
 4 SYSTEMPATH\Database\BaseBuilder.php(1616): CodeIgniter\Database\BaseConnection->query('SELECT *
FROM `meta_data`
WHERE `nama_halaman` = :nama_halaman:
 LIMIT 1', [...], false)
 5 SYSTEMPATH\Model.php(268): CodeIgniter\Database\BaseBuilder->get()
 6 SYSTEMPATH\BaseModel.php(656): CodeIgniter\Model->doFirst()
 7 APPPATH\Controllers\user\Homectrl.php(47): CodeIgniter\BaseModel->first()
 8 SYSTEMPATH\CodeIgniter.php(932): App\Controllers\user\Homectrl->index()
 9 SYSTEMPATH\CodeIgniter.php(497): CodeIgniter\CodeIgniter->runController(Object(App\Controllers\user\Homectrl))
10 SYSTEMPATH\CodeIgniter.php(366): CodeIgniter\CodeIgniter->handleRequest(null, Object(Config\Cache), false)
11 FCPATH\index.php(67): CodeIgniter\CodeIgniter->run()
12 SYSTEMPATH\Commands\Server\rewrite.php(47): require_once('D:\\ANIK SAHILAH\\Semester 7\\Magang\\Coding\\Tugas SEO\\adscandy.kadinkotamalang.com\\16.1\\public\\index.php')
INFO - 2024-09-25 08:20:59 --> Session: Class initialized using 'CodeIgniter\Session\Handlers\FileHandler' driver.
ERROR - 2024-09-25 08:20:59 --> mysqli_sql_exception: Unknown column 'nama_halaman' in 'where clause' in D:\ANIK SAHILAH\Semester 7\Magang\Coding\Tugas SEO\adscandy.kadinkotamalang.com\16.1\system\Database\MySQLi\Connection.php:295
Stack trace:
#0 D:\ANIK SAHILAH\Semester 7\Magang\Coding\Tugas SEO\adscandy.kadinkotamalang.com\16.1\system\Database\MySQLi\Connection.php(295): mysqli->query('SELECT *\nFROM `...', 0)
#1 D:\ANIK SAHILAH\Semester 7\Magang\Coding\Tugas SEO\adscandy.kadinkotamalang.com\16.1\system\Database\BaseConnection.php(692): CodeIgniter\Database\MySQLi\Connection->execute('SELECT *\nFROM `...')
#2 D:\ANIK SAHILAH\Semester 7\Magang\Coding\Tugas SEO\adscandy.kadinkotamalang.com\16.1\system\Database\BaseConnection.php(606): CodeIgniter\Database\BaseConnection->simpleQuery('SELECT *\nFROM `...')
#3 D:\ANIK SAHILAH\Semester 7\Magang\Coding\Tugas SEO\adscandy.kadinkotamalang.com\16.1\system\Database\BaseBuilder.php(1616): CodeIgniter\Database\BaseConnection->query('SELECT *\nFROM `...', Array, false)
#4 D:\ANIK SAHILAH\Semester 7\Magang\Coding\Tugas SEO\adscandy.kadinkotamalang.com\16.1\system\Model.php(268): CodeIgniter\Database\BaseBuilder->get()
#5 D:\ANIK SAHILAH\Semester 7\Magang\Coding\Tugas SEO\adscandy.kadinkotamalang.com\16.1\system\BaseModel.php(656): CodeIgniter\Model->doFirst()
#6 D:\ANIK SAHILAH\Semester 7\Magang\Coding\Tugas SEO\adscandy.kadinkotamalang.com\16.1\app\Controllers\user\Homectrl.php(47): CodeIgniter\BaseModel->first()
#7 D:\ANIK SAHILAH\Semester 7\Magang\Coding\Tugas SEO\adscandy.kadinkotamalang.com\16.1\system\CodeIgniter.php(932): App\Controllers\user\Homectrl->index()
#8 D:\ANIK SAHILAH\Semester 7\Magang\Coding\Tugas SEO\adscandy.kadinkotamalang.com\16.1\system\CodeIgniter.php(497): CodeIgniter\CodeIgniter->runController(Object(App\Controllers\user\Homectrl))
#9 D:\ANIK SAHILAH\Semester 7\Magang\Coding\Tugas SEO\adscandy.kadinkotamalang.com\16.1\system\CodeIgniter.php(366): CodeIgniter\CodeIgniter->handleRequest(NULL, Object(Config\Cache), false)
#10 D:\ANIK SAHILAH\Semester 7\Magang\Coding\Tugas SEO\adscandy.kadinkotamalang.com\16.1\public\index.php(67): CodeIgniter\CodeIgniter->run()
#11 D:\ANIK SAHILAH\Semester 7\Magang\Coding\Tugas SEO\adscandy.kadinkotamalang.com\16.1\system\Commands\Server\rewrite.php(47): require_once('D:\\ANIK SAHILAH...')
#12 {main}
CRITICAL - 2024-09-25 08:20:59 --> Unknown column 'nama_halaman' in 'where clause'
in SYSTEMPATH\Database\MySQLi\Connection.php on line 295.
 1 SYSTEMPATH\Database\MySQLi\Connection.php(295): mysqli->query('SELECT *
FROM `meta_data`
WHERE `nama_halaman` = \'home\'
 LIMIT 1', 0)
 2 SYSTEMPATH\Database\BaseConnection.php(692): CodeIgniter\Database\MySQLi\Connection->execute('SELECT *
FROM `meta_data`
WHERE `nama_halaman` = \'home\'
 LIMIT 1')
 3 SYSTEMPATH\Database\BaseConnection.php(606): CodeIgniter\Database\BaseConnection->simpleQuery('SELECT *
FROM `meta_data`
WHERE `nama_halaman` = \'home\'
 LIMIT 1')
 4 SYSTEMPATH\Database\BaseBuilder.php(1616): CodeIgniter\Database\BaseConnection->query('SELECT *
FROM `meta_data`
WHERE `nama_halaman` = :nama_halaman:
 LIMIT 1', [...], false)
 5 SYSTEMPATH\Model.php(268): CodeIgniter\Database\BaseBuilder->get()
 6 SYSTEMPATH\BaseModel.php(656): CodeIgniter\Model->doFirst()
 7 APPPATH\Controllers\user\Homectrl.php(47): CodeIgniter\BaseModel->first()
 8 SYSTEMPATH\CodeIgniter.php(932): App\Controllers\user\Homectrl->index()
 9 SYSTEMPATH\CodeIgniter.php(497): CodeIgniter\CodeIgniter->runController(Object(App\Controllers\user\Homectrl))
10 SYSTEMPATH\CodeIgniter.php(366): CodeIgniter\CodeIgniter->handleRequest(null, Object(Config\Cache), false)
11 FCPATH\index.php(67): CodeIgniter\CodeIgniter->run()
12 SYSTEMPATH\Commands\Server\rewrite.php(47): require_once('D:\\ANIK SAHILAH\\Semester 7\\Magang\\Coding\\Tugas SEO\\adscandy.kadinkotamalang.com\\16.1\\public\\index.php')
INFO - 2024-09-25 08:21:17 --> Session: Class initialized using 'CodeIgniter\Session\Handlers\FileHandler' driver.
ERROR - 2024-09-25 08:21:17 --> mysqli_sql_exception: Unknown column 'nama_halaman' in 'where clause' in D:\ANIK SAHILAH\Semester 7\Magang\Coding\Tugas SEO\adscandy.kadinkotamalang.com\16.1\system\Database\MySQLi\Connection.php:295
Stack trace:
#0 D:\ANIK SAHILAH\Semester 7\Magang\Coding\Tugas SEO\adscandy.kadinkotamalang.com\16.1\system\Database\MySQLi\Connection.php(295): mysqli->query('SELECT *\nFROM `...', 0)
#1 D:\ANIK SAHILAH\Semester 7\Magang\Coding\Tugas SEO\adscandy.kadinkotamalang.com\16.1\system\Database\BaseConnection.php(692): CodeIgniter\Database\MySQLi\Connection->execute('SELECT *\nFROM `...')
#2 D:\ANIK SAHILAH\Semester 7\Magang\Coding\Tugas SEO\adscandy.kadinkotamalang.com\16.1\system\Database\BaseConnection.php(606): CodeIgniter\Database\BaseConnection->simpleQuery('SELECT *\nFROM `...')
#3 D:\ANIK SAHILAH\Semester 7\Magang\Coding\Tugas SEO\adscandy.kadinkotamalang.com\16.1\system\Database\BaseBuilder.php(1616): CodeIgniter\Database\BaseConnection->query('SELECT *\nFROM `...', Array, false)
#4 D:\ANIK SAHILAH\Semester 7\Magang\Coding\Tugas SEO\adscandy.kadinkotamalang.com\16.1\system\Model.php(268): CodeIgniter\Database\BaseBuilder->get()
#5 D:\ANIK SAHILAH\Semester 7\Magang\Coding\Tugas SEO\adscandy.kadinkotamalang.com\16.1\system\BaseModel.php(656): CodeIgniter\Model->doFirst()
#6 D:\ANIK SAHILAH\Semester 7\Magang\Coding\Tugas SEO\adscandy.kadinkotamalang.com\16.1\app\Controllers\user\Homectrl.php(47): CodeIgniter\BaseModel->first()
#7 D:\ANIK SAHILAH\Semester 7\Magang\Coding\Tugas SEO\adscandy.kadinkotamalang.com\16.1\system\CodeIgniter.php(932): App\Controllers\user\Homectrl->index()
#8 D:\ANIK SAHILAH\Semester 7\Magang\Coding\Tugas SEO\adscandy.kadinkotamalang.com\16.1\system\CodeIgniter.php(497): CodeIgniter\CodeIgniter->runController(Object(App\Controllers\user\Homectrl))
#9 D:\ANIK SAHILAH\Semester 7\Magang\Coding\Tugas SEO\adscandy.kadinkotamalang.com\16.1\system\CodeIgniter.php(366): CodeIgniter\CodeIgniter->handleRequest(NULL, Object(Config\Cache), false)
#10 D:\ANIK SAHILAH\Semester 7\Magang\Coding\Tugas SEO\adscandy.kadinkotamalang.com\16.1\public\index.php(67): CodeIgniter\CodeIgniter->run()
#11 D:\ANIK SAHILAH\Semester 7\Magang\Coding\Tugas SEO\adscandy.kadinkotamalang.com\16.1\system\Commands\Server\rewrite.php(47): require_once('D:\\ANIK SAHILAH...')
#12 {main}
CRITICAL - 2024-09-25 08:21:17 --> Unknown column 'nama_halaman' in 'where clause'
in SYSTEMPATH\Database\MySQLi\Connection.php on line 295.
 1 SYSTEMPATH\Database\MySQLi\Connection.php(295): mysqli->query('SELECT *
FROM `meta_data`
WHERE `nama_halaman` = \'home\'
 LIMIT 1', 0)
 2 SYSTEMPATH\Database\BaseConnection.php(692): CodeIgniter\Database\MySQLi\Connection->execute('SELECT *
FROM `meta_data`
WHERE `nama_halaman` = \'home\'
 LIMIT 1')
 3 SYSTEMPATH\Database\BaseConnection.php(606): CodeIgniter\Database\BaseConnection->simpleQuery('SELECT *
FROM `meta_data`
WHERE `nama_halaman` = \'home\'
 LIMIT 1')
 4 SYSTEMPATH\Database\BaseBuilder.php(1616): CodeIgniter\Database\BaseConnection->query('SELECT *
FROM `meta_data`
WHERE `nama_halaman` = :nama_halaman:
 LIMIT 1', [...], false)
 5 SYSTEMPATH\Model.php(268): CodeIgniter\Database\BaseBuilder->get()
 6 SYSTEMPATH\BaseModel.php(656): CodeIgniter\Model->doFirst()
 7 APPPATH\Controllers\user\Homectrl.php(47): CodeIgniter\BaseModel->first()
 8 SYSTEMPATH\CodeIgniter.php(932): App\Controllers\user\Homectrl->index()
 9 SYSTEMPATH\CodeIgniter.php(497): CodeIgniter\CodeIgniter->runController(Object(App\Controllers\user\Homectrl))
10 SYSTEMPATH\CodeIgniter.php(366): CodeIgniter\CodeIgniter->handleRequest(null, Object(Config\Cache), false)
11 FCPATH\index.php(67): CodeIgniter\CodeIgniter->run()
12 SYSTEMPATH\Commands\Server\rewrite.php(47): require_once('D:\\ANIK SAHILAH\\Semester 7\\Magang\\Coding\\Tugas SEO\\adscandy.kadinkotamalang.com\\16.1\\public\\index.php')
INFO - 2024-09-25 08:24:54 --> Session: Class initialized using 'CodeIgniter\Session\Handlers\FileHandler' driver.
ERROR - 2024-09-25 08:24:54 --> mysqli_sql_exception: Unknown column 'nama_halaman' in 'where clause' in D:\ANIK SAHILAH\Semester 7\Magang\Coding\Tugas SEO\adscandy.kadinkotamalang.com\16.1\system\Database\MySQLi\Connection.php:295
Stack trace:
#0 D:\ANIK SAHILAH\Semester 7\Magang\Coding\Tugas SEO\adscandy.kadinkotamalang.com\16.1\system\Database\MySQLi\Connection.php(295): mysqli->query('SELECT *\nFROM `...', 0)
#1 D:\ANIK SAHILAH\Semester 7\Magang\Coding\Tugas SEO\adscandy.kadinkotamalang.com\16.1\system\Database\BaseConnection.php(692): CodeIgniter\Database\MySQLi\Connection->execute('SELECT *\nFROM `...')
#2 D:\ANIK SAHILAH\Semester 7\Magang\Coding\Tugas SEO\adscandy.kadinkotamalang.com\16.1\system\Database\BaseConnection.php(606): CodeIgniter\Database\BaseConnection->simpleQuery('SELECT *\nFROM `...')
#3 D:\ANIK SAHILAH\Semester 7\Magang\Coding\Tugas SEO\adscandy.kadinkotamalang.com\16.1\system\Database\BaseBuilder.php(1616): CodeIgniter\Database\BaseConnection->query('SELECT *\nFROM `...', Array, false)
#4 D:\ANIK SAHILAH\Semester 7\Magang\Coding\Tugas SEO\adscandy.kadinkotamalang.com\16.1\system\Model.php(268): CodeIgniter\Database\BaseBuilder->get()
#5 D:\ANIK SAHILAH\Semester 7\Magang\Coding\Tugas SEO\adscandy.kadinkotamalang.com\16.1\system\BaseModel.php(656): CodeIgniter\Model->doFirst()
#6 D:\ANIK SAHILAH\Semester 7\Magang\Coding\Tugas SEO\adscandy.kadinkotamalang.com\16.1\app\Controllers\user\Homectrl.php(47): CodeIgniter\BaseModel->first()
#7 D:\ANIK SAHILAH\Semester 7\Magang\Coding\Tugas SEO\adscandy.kadinkotamalang.com\16.1\system\CodeIgniter.php(932): App\Controllers\user\Homectrl->index()
#8 D:\ANIK SAHILAH\Semester 7\Magang\Coding\Tugas SEO\adscandy.kadinkotamalang.com\16.1\system\CodeIgniter.php(497): CodeIgniter\CodeIgniter->runController(Object(App\Controllers\user\Homectrl))
#9 D:\ANIK SAHILAH\Semester 7\Magang\Coding\Tugas SEO\adscandy.kadinkotamalang.com\16.1\system\CodeIgniter.php(366): CodeIgniter\CodeIgniter->handleRequest(NULL, Object(Config\Cache), false)
#10 D:\ANIK SAHILAH\Semester 7\Magang\Coding\Tugas SEO\adscandy.kadinkotamalang.com\16.1\public\index.php(67): CodeIgniter\CodeIgniter->run()
#11 D:\ANIK SAHILAH\Semester 7\Magang\Coding\Tugas SEO\adscandy.kadinkotamalang.com\16.1\system\Commands\Server\rewrite.php(47): require_once('D:\\ANIK SAHILAH...')
#12 {main}
CRITICAL - 2024-09-25 08:24:54 --> Unknown column 'nama_halaman' in 'where clause'
in SYSTEMPATH\Database\MySQLi\Connection.php on line 295.
 1 SYSTEMPATH\Database\MySQLi\Connection.php(295): mysqli->query('SELECT *
FROM `meta_data`
WHERE `nama_halaman` = \'home\'
 LIMIT 1', 0)
 2 SYSTEMPATH\Database\BaseConnection.php(692): CodeIgniter\Database\MySQLi\Connection->execute('SELECT *
FROM `meta_data`
WHERE `nama_halaman` = \'home\'
 LIMIT 1')
 3 SYSTEMPATH\Database\BaseConnection.php(606): CodeIgniter\Database\BaseConnection->simpleQuery('SELECT *
FROM `meta_data`
WHERE `nama_halaman` = \'home\'
 LIMIT 1')
 4 SYSTEMPATH\Database\BaseBuilder.php(1616): CodeIgniter\Database\BaseConnection->query('SELECT *
FROM `meta_data`
WHERE `nama_halaman` = :nama_halaman:
 LIMIT 1', [...], false)
 5 SYSTEMPATH\Model.php(268): CodeIgniter\Database\BaseBuilder->get()
 6 SYSTEMPATH\BaseModel.php(656): CodeIgniter\Model->doFirst()
 7 APPPATH\Controllers\user\Homectrl.php(47): CodeIgniter\BaseModel->first()
 8 SYSTEMPATH\CodeIgniter.php(932): App\Controllers\user\Homectrl->index()
 9 SYSTEMPATH\CodeIgniter.php(497): CodeIgniter\CodeIgniter->runController(Object(App\Controllers\user\Homectrl))
10 SYSTEMPATH\CodeIgniter.php(366): CodeIgniter\CodeIgniter->handleRequest(null, Object(Config\Cache), false)
11 FCPATH\index.php(67): CodeIgniter\CodeIgniter->run()
12 SYSTEMPATH\Commands\Server\rewrite.php(47): require_once('D:\\ANIK SAHILAH\\Semester 7\\Magang\\Coding\\Tugas SEO\\adscandy.kadinkotamalang.com\\16.1\\public\\index.php')
INFO - 2024-09-25 08:37:45 --> Session: Class initialized using 'CodeIgniter\Session\Handlers\FileHandler' driver.
ERROR - 2024-09-25 08:37:45 --> mysqli_sql_exception: Unknown column 'nama_halaman' in 'where clause' in D:\ANIK SAHILAH\Semester 7\Magang\Coding\Tugas SEO\adscandy.kadinkotamalang.com\16.1\system\Database\MySQLi\Connection.php:295
Stack trace:
#0 D:\ANIK SAHILAH\Semester 7\Magang\Coding\Tugas SEO\adscandy.kadinkotamalang.com\16.1\system\Database\MySQLi\Connection.php(295): mysqli->query('SELECT *\nFROM `...', 0)
#1 D:\ANIK SAHILAH\Semester 7\Magang\Coding\Tugas SEO\adscandy.kadinkotamalang.com\16.1\system\Database\BaseConnection.php(692): CodeIgniter\Database\MySQLi\Connection->execute('SELECT *\nFROM `...')
#2 D:\ANIK SAHILAH\Semester 7\Magang\Coding\Tugas SEO\adscandy.kadinkotamalang.com\16.1\system\Database\BaseConnection.php(606): CodeIgniter\Database\BaseConnection->simpleQuery('SELECT *\nFROM `...')
#3 D:\ANIK SAHILAH\Semester 7\Magang\Coding\Tugas SEO\adscandy.kadinkotamalang.com\16.1\system\Database\BaseBuilder.php(1616): CodeIgniter\Database\BaseConnection->query('SELECT *\nFROM `...', Array, false)
#4 D:\ANIK SAHILAH\Semester 7\Magang\Coding\Tugas SEO\adscandy.kadinkotamalang.com\16.1\system\Model.php(268): CodeIgniter\Database\BaseBuilder->get()
#5 D:\ANIK SAHILAH\Semester 7\Magang\Coding\Tugas SEO\adscandy.kadinkotamalang.com\16.1\system\BaseModel.php(656): CodeIgniter\Model->doFirst()
#6 D:\ANIK SAHILAH\Semester 7\Magang\Coding\Tugas SEO\adscandy.kadinkotamalang.com\16.1\app\Controllers\user\Homectrl.php(47): CodeIgniter\BaseModel->first()
#7 D:\ANIK SAHILAH\Semester 7\Magang\Coding\Tugas SEO\adscandy.kadinkotamalang.com\16.1\system\CodeIgniter.php(932): App\Controllers\user\Homectrl->index()
#8 D:\ANIK SAHILAH\Semester 7\Magang\Coding\Tugas SEO\adscandy.kadinkotamalang.com\16.1\system\CodeIgniter.php(497): CodeIgniter\CodeIgniter->runController(Object(App\Controllers\user\Homectrl))
#9 D:\ANIK SAHILAH\Semester 7\Magang\Coding\Tugas SEO\adscandy.kadinkotamalang.com\16.1\system\CodeIgniter.php(366): CodeIgniter\CodeIgniter->handleRequest(NULL, Object(Config\Cache), false)
#10 D:\ANIK SAHILAH\Semester 7\Magang\Coding\Tugas SEO\adscandy.kadinkotamalang.com\16.1\public\index.php(67): CodeIgniter\CodeIgniter->run()
#11 D:\ANIK SAHILAH\Semester 7\Magang\Coding\Tugas SEO\adscandy.kadinkotamalang.com\16.1\system\Commands\Server\rewrite.php(47): require_once('D:\\ANIK SAHILAH...')
#12 {main}
CRITICAL - 2024-09-25 08:37:45 --> Unknown column 'nama_halaman' in 'where clause'
in SYSTEMPATH\Database\MySQLi\Connection.php on line 295.
 1 SYSTEMPATH\Database\MySQLi\Connection.php(295): mysqli->query('SELECT *
FROM `meta_data`
WHERE `nama_halaman` = \'home\'
 LIMIT 1', 0)
 2 SYSTEMPATH\Database\BaseConnection.php(692): CodeIgniter\Database\MySQLi\Connection->execute('SELECT *
FROM `meta_data`
WHERE `nama_halaman` = \'home\'
 LIMIT 1')
 3 SYSTEMPATH\Database\BaseConnection.php(606): CodeIgniter\Database\BaseConnection->simpleQuery('SELECT *
FROM `meta_data`
WHERE `nama_halaman` = \'home\'
 LIMIT 1')
 4 SYSTEMPATH\Database\BaseBuilder.php(1616): CodeIgniter\Database\BaseConnection->query('SELECT *
FROM `meta_data`
WHERE `nama_halaman` = :nama_halaman:
 LIMIT 1', [...], false)
 5 SYSTEMPATH\Model.php(268): CodeIgniter\Database\BaseBuilder->get()
 6 SYSTEMPATH\BaseModel.php(656): CodeIgniter\Model->doFirst()
 7 APPPATH\Controllers\user\Homectrl.php(47): CodeIgniter\BaseModel->first()
 8 SYSTEMPATH\CodeIgniter.php(932): App\Controllers\user\Homectrl->index()
 9 SYSTEMPATH\CodeIgniter.php(497): CodeIgniter\CodeIgniter->runController(Object(App\Controllers\user\Homectrl))
10 SYSTEMPATH\CodeIgniter.php(366): CodeIgniter\CodeIgniter->handleRequest(null, Object(Config\Cache), false)
11 FCPATH\index.php(67): CodeIgniter\CodeIgniter->run()
12 SYSTEMPATH\Commands\Server\rewrite.php(47): require_once('D:\\ANIK SAHILAH\\Semester 7\\Magang\\Coding\\Tugas SEO\\adscandy.kadinkotamalang.com\\16.1\\public\\index.php')
INFO - 2024-09-25 08:38:40 --> Session: Class initialized using 'CodeIgniter\Session\Handlers\FileHandler' driver.
INFO - 2024-09-25 08:38:45 --> Session: Class initialized using 'CodeIgniter\Session\Handlers\FileHandler' driver.
ERROR - 2024-09-25 08:38:45 --> mysqli_sql_exception: Unknown column 'nama_halaman' in 'where clause' in D:\ANIK SAHILAH\Semester 7\Magang\Coding\Tugas SEO\adscandy.kadinkotamalang.com\16.1\system\Database\MySQLi\Connection.php:295
Stack trace:
#0 D:\ANIK SAHILAH\Semester 7\Magang\Coding\Tugas SEO\adscandy.kadinkotamalang.com\16.1\system\Database\MySQLi\Connection.php(295): mysqli->query('SELECT *\nFROM `...', 0)
#1 D:\ANIK SAHILAH\Semester 7\Magang\Coding\Tugas SEO\adscandy.kadinkotamalang.com\16.1\system\Database\BaseConnection.php(692): CodeIgniter\Database\MySQLi\Connection->execute('SELECT *\nFROM `...')
#2 D:\ANIK SAHILAH\Semester 7\Magang\Coding\Tugas SEO\adscandy.kadinkotamalang.com\16.1\system\Database\BaseConnection.php(606): CodeIgniter\Database\BaseConnection->simpleQuery('SELECT *\nFROM `...')
#3 D:\ANIK SAHILAH\Semester 7\Magang\Coding\Tugas SEO\adscandy.kadinkotamalang.com\16.1\system\Database\BaseBuilder.php(1616): CodeIgniter\Database\BaseConnection->query('SELECT *\nFROM `...', Array, false)
#4 D:\ANIK SAHILAH\Semester 7\Magang\Coding\Tugas SEO\adscandy.kadinkotamalang.com\16.1\system\Model.php(268): CodeIgniter\Database\BaseBuilder->get()
#5 D:\ANIK SAHILAH\Semester 7\Magang\Coding\Tugas SEO\adscandy.kadinkotamalang.com\16.1\system\BaseModel.php(656): CodeIgniter\Model->doFirst()
#6 D:\ANIK SAHILAH\Semester 7\Magang\Coding\Tugas SEO\adscandy.kadinkotamalang.com\16.1\app\Controllers\user\Homectrl.php(47): CodeIgniter\BaseModel->first()
#7 D:\ANIK SAHILAH\Semester 7\Magang\Coding\Tugas SEO\adscandy.kadinkotamalang.com\16.1\system\CodeIgniter.php(932): App\Controllers\user\Homectrl->index()
#8 D:\ANIK SAHILAH\Semester 7\Magang\Coding\Tugas SEO\adscandy.kadinkotamalang.com\16.1\system\CodeIgniter.php(497): CodeIgniter\CodeIgniter->runController(Object(App\Controllers\user\Homectrl))
#9 D:\ANIK SAHILAH\Semester 7\Magang\Coding\Tugas SEO\adscandy.kadinkotamalang.com\16.1\system\CodeIgniter.php(366): CodeIgniter\CodeIgniter->handleRequest(NULL, Object(Config\Cache), false)
#10 D:\ANIK SAHILAH\Semester 7\Magang\Coding\Tugas SEO\adscandy.kadinkotamalang.com\16.1\public\index.php(67): CodeIgniter\CodeIgniter->run()
#11 D:\ANIK SAHILAH\Semester 7\Magang\Coding\Tugas SEO\adscandy.kadinkotamalang.com\16.1\system\Commands\Server\rewrite.php(47): require_once('D:\\ANIK SAHILAH...')
#12 {main}
CRITICAL - 2024-09-25 08:38:45 --> Unknown column 'nama_halaman' in 'where clause'
in SYSTEMPATH\Database\MySQLi\Connection.php on line 295.
 1 SYSTEMPATH\Database\MySQLi\Connection.php(295): mysqli->query('SELECT *
FROM `meta_data`
WHERE `nama_halaman` = \'home\'
 LIMIT 1', 0)
 2 SYSTEMPATH\Database\BaseConnection.php(692): CodeIgniter\Database\MySQLi\Connection->execute('SELECT *
FROM `meta_data`
WHERE `nama_halaman` = \'home\'
 LIMIT 1')
 3 SYSTEMPATH\Database\BaseConnection.php(606): CodeIgniter\Database\BaseConnection->simpleQuery('SELECT *
FROM `meta_data`
WHERE `nama_halaman` = \'home\'
 LIMIT 1')
 4 SYSTEMPATH\Database\BaseBuilder.php(1616): CodeIgniter\Database\BaseConnection->query('SELECT *
FROM `meta_data`
WHERE `nama_halaman` = :nama_halaman:
 LIMIT 1', [...], false)
 5 SYSTEMPATH\Model.php(268): CodeIgniter\Database\BaseBuilder->get()
 6 SYSTEMPATH\BaseModel.php(656): CodeIgniter\Model->doFirst()
 7 APPPATH\Controllers\user\Homectrl.php(47): CodeIgniter\BaseModel->first()
 8 SYSTEMPATH\CodeIgniter.php(932): App\Controllers\user\Homectrl->index()
 9 SYSTEMPATH\CodeIgniter.php(497): CodeIgniter\CodeIgniter->runController(Object(App\Controllers\user\Homectrl))
10 SYSTEMPATH\CodeIgniter.php(366): CodeIgniter\CodeIgniter->handleRequest(null, Object(Config\Cache), false)
11 FCPATH\index.php(67): CodeIgniter\CodeIgniter->run()
12 SYSTEMPATH\Commands\Server\rewrite.php(47): require_once('D:\\ANIK SAHILAH\\Semester 7\\Magang\\Coding\\Tugas SEO\\adscandy.kadinkotamalang.com\\16.1\\public\\index.php')
INFO - 2024-09-25 08:38:45 --> Session: Class initialized using 'CodeIgniter\Session\Handlers\FileHandler' driver.
ERROR - 2024-09-25 08:38:46 --> mysqli_sql_exception: Unknown column 'nama_halaman' in 'where clause' in D:\ANIK SAHILAH\Semester 7\Magang\Coding\Tugas SEO\adscandy.kadinkotamalang.com\16.1\system\Database\MySQLi\Connection.php:295
Stack trace:
#0 D:\ANIK SAHILAH\Semester 7\Magang\Coding\Tugas SEO\adscandy.kadinkotamalang.com\16.1\system\Database\MySQLi\Connection.php(295): mysqli->query('SELECT *\nFROM `...', 0)
#1 D:\ANIK SAHILAH\Semester 7\Magang\Coding\Tugas SEO\adscandy.kadinkotamalang.com\16.1\system\Database\BaseConnection.php(692): CodeIgniter\Database\MySQLi\Connection->execute('SELECT *\nFROM `...')
#2 D:\ANIK SAHILAH\Semester 7\Magang\Coding\Tugas SEO\adscandy.kadinkotamalang.com\16.1\system\Database\BaseConnection.php(606): CodeIgniter\Database\BaseConnection->simpleQuery('SELECT *\nFROM `...')
#3 D:\ANIK SAHILAH\Semester 7\Magang\Coding\Tugas SEO\adscandy.kadinkotamalang.com\16.1\system\Database\BaseBuilder.php(1616): CodeIgniter\Database\BaseConnection->query('SELECT *\nFROM `...', Array, false)
#4 D:\ANIK SAHILAH\Semester 7\Magang\Coding\Tugas SEO\adscandy.kadinkotamalang.com\16.1\system\Model.php(268): CodeIgniter\Database\BaseBuilder->get()
#5 D:\ANIK SAHILAH\Semester 7\Magang\Coding\Tugas SEO\adscandy.kadinkotamalang.com\16.1\system\BaseModel.php(656): CodeIgniter\Model->doFirst()
#6 D:\ANIK SAHILAH\Semester 7\Magang\Coding\Tugas SEO\adscandy.kadinkotamalang.com\16.1\app\Controllers\user\Homectrl.php(47): CodeIgniter\BaseModel->first()
#7 D:\ANIK SAHILAH\Semester 7\Magang\Coding\Tugas SEO\adscandy.kadinkotamalang.com\16.1\system\CodeIgniter.php(932): App\Controllers\user\Homectrl->index()
#8 D:\ANIK SAHILAH\Semester 7\Magang\Coding\Tugas SEO\adscandy.kadinkotamalang.com\16.1\system\CodeIgniter.php(497): CodeIgniter\CodeIgniter->runController(Object(App\Controllers\user\Homectrl))
#9 D:\ANIK SAHILAH\Semester 7\Magang\Coding\Tugas SEO\adscandy.kadinkotamalang.com\16.1\system\CodeIgniter.php(366): CodeIgniter\CodeIgniter->handleRequest(NULL, Object(Config\Cache), false)
#10 D:\ANIK SAHILAH\Semester 7\Magang\Coding\Tugas SEO\adscandy.kadinkotamalang.com\16.1\public\index.php(67): CodeIgniter\CodeIgniter->run()
#11 D:\ANIK SAHILAH\Semester 7\Magang\Coding\Tugas SEO\adscandy.kadinkotamalang.com\16.1\system\Commands\Server\rewrite.php(47): require_once('D:\\ANIK SAHILAH...')
#12 {main}
CRITICAL - 2024-09-25 08:38:46 --> Unknown column 'nama_halaman' in 'where clause'
in SYSTEMPATH\Database\MySQLi\Connection.php on line 295.
 1 SYSTEMPATH\Database\MySQLi\Connection.php(295): mysqli->query('SELECT *
FROM `meta_data`
WHERE `nama_halaman` = \'home\'
 LIMIT 1', 0)
 2 SYSTEMPATH\Database\BaseConnection.php(692): CodeIgniter\Database\MySQLi\Connection->execute('SELECT *
FROM `meta_data`
WHERE `nama_halaman` = \'home\'
 LIMIT 1')
 3 SYSTEMPATH\Database\BaseConnection.php(606): CodeIgniter\Database\BaseConnection->simpleQuery('SELECT *
FROM `meta_data`
WHERE `nama_halaman` = \'home\'
 LIMIT 1')
 4 SYSTEMPATH\Database\BaseBuilder.php(1616): CodeIgniter\Database\BaseConnection->query('SELECT *
FROM `meta_data`
WHERE `nama_halaman` = :nama_halaman:
 LIMIT 1', [...], false)
 5 SYSTEMPATH\Model.php(268): CodeIgniter\Database\BaseBuilder->get()
 6 SYSTEMPATH\BaseModel.php(656): CodeIgniter\Model->doFirst()
 7 APPPATH\Controllers\user\Homectrl.php(47): CodeIgniter\BaseModel->first()
 8 SYSTEMPATH\CodeIgniter.php(932): App\Controllers\user\Homectrl->index()
 9 SYSTEMPATH\CodeIgniter.php(497): CodeIgniter\CodeIgniter->runController(Object(App\Controllers\user\Homectrl))
10 SYSTEMPATH\CodeIgniter.php(366): CodeIgniter\CodeIgniter->handleRequest(null, Object(Config\Cache), false)
11 FCPATH\index.php(67): CodeIgniter\CodeIgniter->run()
12 SYSTEMPATH\Commands\Server\rewrite.php(47): require_once('D:\\ANIK SAHILAH\\Semester 7\\Magang\\Coding\\Tugas SEO\\adscandy.kadinkotamalang.com\\16.1\\public\\index.php')
INFO - 2024-09-25 08:40:12 --> Session: Class initialized using 'CodeIgniter\Session\Handlers\FileHandler' driver.
INFO - 2024-09-25 08:40:13 --> Session: Class initialized using 'CodeIgniter\Session\Handlers\FileHandler' driver.
INFO - 2024-09-25 08:40:14 --> Session: Class initialized using 'CodeIgniter\Session\Handlers\FileHandler' driver.
INFO - 2024-09-25 08:42:03 --> Session: Class initialized using 'CodeIgniter\Session\Handlers\FileHandler' driver.
INFO - 2024-09-25 08:42:04 --> Session: Class initialized using 'CodeIgniter\Session\Handlers\FileHandler' driver.
INFO - 2024-09-25 08:42:07 --> Session: Class initialized using 'CodeIgniter\Session\Handlers\FileHandler' driver.
INFO - 2024-09-25 08:42:33 --> Session: Class initialized using 'CodeIgniter\Session\Handlers\FileHandler' driver.
INFO - 2024-09-25 08:42:42 --> Session: Class initialized using 'CodeIgniter\Session\Handlers\FileHandler' driver.
INFO - 2024-09-25 08:43:32 --> Session: Class initialized using 'CodeIgniter\Session\Handlers\FileHandler' driver.
INFO - 2024-09-25 08:43:46 --> Session: Class initialized using 'CodeIgniter\Session\Handlers\FileHandler' driver.
INFO - 2024-09-25 08:44:15 --> Session: Class initialized using 'CodeIgniter\Session\Handlers\FileHandler' driver.
INFO - 2024-09-25 08:44:34 --> Session: Class initialized using 'CodeIgniter\Session\Handlers\FileHandler' driver.
CRITICAL - 2024-09-25 08:44:34 --> Attempt to read property "meta_title" on array
in APPPATH\Views\user\template\template.php on line 14.
 1 APPPATH\Views\user\template\template.php(14): CodeIgniter\Debug\Exceptions->errorHandler(2, 'Attempt to read property "meta_title" on array', 'D:\\ANIK SAHILAH\\Semester 7\\Magang\\Coding\\Tugas SEO\\adscandy.kadinkotamalang.com\\16.1\\app\\Views\\user\\template\\template.php', 14)
 2 SYSTEMPATH\View\View.php(224): include('D:\\ANIK SAHILAH\\Semester 7\\Magang\\Coding\\Tugas SEO\\adscandy.kadinkotamalang.com\\16.1\\app\\Views\\user\\template\\template.php')
 3 SYSTEMPATH\View\View.php(227): CodeIgniter\View\View->CodeIgniter\View\{closure}()
 4 SYSTEMPATH\View\View.php(240): CodeIgniter\View\View->render('user/template/template', [], true)
 5 SYSTEMPATH\Common.php(1180): CodeIgniter\View\View->render('user/home/index', [], true)
 6 APPPATH\Controllers\user\Homectrl.php(72): view('user/home/index', [...])
 7 SYSTEMPATH\CodeIgniter.php(932): App\Controllers\user\Homectrl->index()
 8 SYSTEMPATH\CodeIgniter.php(497): CodeIgniter\CodeIgniter->runController(Object(App\Controllers\user\Homectrl))
 9 SYSTEMPATH\CodeIgniter.php(366): CodeIgniter\CodeIgniter->handleRequest(null, Object(Config\Cache), false)
10 FCPATH\index.php(67): CodeIgniter\CodeIgniter->run()
11 SYSTEMPATH\Commands\Server\rewrite.php(47): require_once('D:\\ANIK SAHILAH\\Semester 7\\Magang\\Coding\\Tugas SEO\\adscandy.kadinkotamalang.com\\16.1\\public\\index.php')
INFO - 2024-09-25 08:45:00 --> Session: Class initialized using 'CodeIgniter\Session\Handlers\FileHandler' driver.
INFO - 2024-09-25 08:45:27 --> Session: Class initialized using 'CodeIgniter\Session\Handlers\FileHandler' driver.
INFO - 2024-09-25 08:45:47 --> Session: Class initialized using 'CodeIgniter\Session\Handlers\FileHandler' driver.
INFO - 2024-09-25 08:45:57 --> Session: Class initialized using 'CodeIgniter\Session\Handlers\FileHandler' driver.
INFO - 2024-09-25 09:17:02 --> Session: Class initialized using 'CodeIgniter\Session\Handlers\FileHandler' driver.
INFO - 2024-09-25 09:17:16 --> Session: Class initialized using 'CodeIgniter\Session\Handlers\FileHandler' driver.
